{
  "/Users/pascal/Code/geofind-3/geofind/src/utils/trpc.ts": {
    "path": "/Users/pascal/Code/geofind-3/geofind/src/utils/trpc.ts",
    "statementMap": {
      "0": {
        "start": {
          "line": 14,
          "column": 32
        },
        "end": {
          "line": 14,
          "column": 43
        }
      },
      "1": {
        "start": {
          "line": 16,
          "column": 28
        },
        "end": {
          "line": 16,
          "column": 47
        }
      },
      "2": {
        "start": {
          "line": 19,
          "column": 2
        },
        "end": {
          "line": 33,
          "column": 3
        }
      },
      "3": {
        "start": {
          "line": 20,
          "column": 4
        },
        "end": {
          "line": 32,
          "column": 7
        }
      },
      "4": {
        "start": {
          "line": 23,
          "column": 8
        },
        "end": {
          "line": 29,
          "column": 9
        }
      },
      "5": {
        "start": {
          "line": 25,
          "column": 10
        },
        "end": {
          "line": 28,
          "column": 12
        }
      },
      "6": {
        "start": {
          "line": 30,
          "column": 8
        },
        "end": {
          "line": 30,
          "column": 18
        }
      },
      "7": {
        "start": {
          "line": 35,
          "column": 17
        },
        "end": {
          "line": 37,
          "column": 4
        }
      },
      "8": {
        "start": {
          "line": 39,
          "column": 2
        },
        "end": {
          "line": 41,
          "column": 5
        }
      },
      "9": {
        "start": {
          "line": 48,
          "column": 20
        },
        "end": {
          "line": 78,
          "column": 2
        }
      },
      "10": {
        "start": {
          "line": 50,
          "column": 4
        },
        "end": {
          "line": 72,
          "column": 6
        }
      },
      "11": {
        "start": {
          "line": 58,
          "column": 12
        },
        "end": {
          "line": 60,
          "column": 71
        }
      }
    },
    "fnMap": {
      "0": {
        "name": "getEndingLink",
        "decl": {
          "start": {
            "line": 18,
            "column": 9
          },
          "end": {
            "line": 18,
            "column": 22
          }
        },
        "loc": {
          "start": {
            "line": 18,
            "column": 57
          },
          "end": {
            "line": 42,
            "column": 1
          }
        },
        "line": 18
      },
      "1": {
        "name": "(anonymous_1)",
        "decl": {
          "start": {
            "line": 22,
            "column": 6
          },
          "end": {
            "line": 22,
            "column": 7
          }
        },
        "loc": {
          "start": {
            "line": 22,
            "column": 16
          },
          "end": {
            "line": 31,
            "column": 7
          }
        },
        "line": 22
      },
      "2": {
        "name": "(anonymous_2)",
        "decl": {
          "start": {
            "line": 49,
            "column": 2
          },
          "end": {
            "line": 49,
            "column": 3
          }
        },
        "loc": {
          "start": {
            "line": 49,
            "column": 18
          },
          "end": {
            "line": 73,
            "column": 3
          }
        },
        "line": 49
      },
      "3": {
        "name": "(anonymous_3)",
        "decl": {
          "start": {
            "line": 57,
            "column": 19
          },
          "end": {
            "line": 57,
            "column": 20
          }
        },
        "loc": {
          "start": {
            "line": 58,
            "column": 12
          },
          "end": {
            "line": 60,
            "column": 71
          }
        },
        "line": 58
      }
    },
    "branchMap": {
      "0": {
        "loc": {
          "start": {
            "line": 19,
            "column": 2
          },
          "end": {
            "line": 33,
            "column": 3
          }
        },
        "type": "if",
        "locations": [
          {
            "start": {
              "line": 19,
              "column": 2
            },
            "end": {
              "line": 33,
              "column": 3
            }
          },
          {
            "start": {
              "line": 19,
              "column": 2
            },
            "end": {
              "line": 33,
              "column": 3
            }
          }
        ],
        "line": 19
      },
      "1": {
        "loc": {
          "start": {
            "line": 23,
            "column": 8
          },
          "end": {
            "line": 29,
            "column": 9
          }
        },
        "type": "if",
        "locations": [
          {
            "start": {
              "line": 23,
              "column": 8
            },
            "end": {
              "line": 29,
              "column": 9
            }
          },
          {
            "start": {
              "line": 23,
              "column": 8
            },
            "end": {
              "line": 29,
              "column": 9
            }
          }
        ],
        "line": 23
      },
      "2": {
        "loc": {
          "start": {
            "line": 58,
            "column": 12
          },
          "end": {
            "line": 60,
            "column": 71
          }
        },
        "type": "binary-expr",
        "locations": [
          {
            "start": {
              "line": 58,
              "column": 13
            },
            "end": {
              "line": 58,
              "column": 51
            }
          },
          {
            "start": {
              "line": 59,
              "column": 14
            },
            "end": {
              "line": 59,
              "column": 43
            }
          },
          {
            "start": {
              "line": 60,
              "column": 13
            },
            "end": {
              "line": 60,
              "column": 38
            }
          },
          {
            "start": {
              "line": 60,
              "column": 42
            },
            "end": {
              "line": 60,
              "column": 70
            }
          }
        ],
        "line": 58
      }
    },
    "s": {
      "0": 25,
      "1": 25,
      "2": 124,
      "3": 122,
      "4": 69,
      "5": 69,
      "6": 0,
      "7": 2,
      "8": 2,
      "9": 25,
      "10": 124,
      "11": 157
    },
    "f": {
      "0": 124,
      "1": 69,
      "2": 124,
      "3": 157
    },
    "b": {
      "0": [
        122,
        2
      ],
      "1": [
        69,
        0
      ],
      "2": [
        157,
        157,
        138,
        69
      ]
    },
    "_coverageSchema": "43e27e138ebf9cfc5966b082cf9a028302ed4184",
    "hash": "e2cc949146b6ed9a7e7592ed611f00eb796c88e9"
  },
  "/Users/pascal/Code/geofind-3/geofind/src/components/ui/IconButton.tsx": {
    "path": "/Users/pascal/Code/geofind-3/geofind/src/components/ui/IconButton.tsx",
    "statementMap": {
      "0": {
        "start": {
          "line": 22,
          "column": 53
        },
        "end": {
          "line": 85,
          "column": 1
        }
      },
      "1": {
        "start": {
          "line": 32,
          "column": 28
        },
        "end": {
          "line": 32,
          "column": 43
        }
      },
      "2": {
        "start": {
          "line": 33,
          "column": 28
        },
        "end": {
          "line": 33,
          "column": 43
        }
      },
      "3": {
        "start": {
          "line": 34,
          "column": 20
        },
        "end": {
          "line": 41,
          "column": 4
        }
      },
      "4": {
        "start": {
          "line": 43,
          "column": 50
        },
        "end": {
          "line": 50,
          "column": 3
        }
      },
      "5": {
        "start": {
          "line": 52,
          "column": 44
        },
        "end": {
          "line": 56,
          "column": 3
        }
      },
      "6": {
        "start": {
          "line": 58,
          "column": 25
        },
        "end": {
          "line": 58,
          "column": 42
        }
      },
      "7": {
        "start": {
          "line": 59,
          "column": 22
        },
        "end": {
          "line": 59,
          "column": 33
        }
      },
      "8": {
        "start": {
          "line": 61,
          "column": 21
        },
        "end": {
          "line": 61,
          "column": 23
        }
      },
      "9": {
        "start": {
          "line": 62,
          "column": 2
        },
        "end": {
          "line": 64,
          "column": 3
        }
      },
      "10": {
        "start": {
          "line": 63,
          "column": 4
        },
        "end": {
          "line": 63,
          "column": 80
        }
      },
      "11": {
        "start": {
          "line": 66,
          "column": 2
        },
        "end": {
          "line": 84,
          "column": 4
        }
      },
      "12": {
        "start": {
          "line": 70,
          "column": 25
        },
        "end": {
          "line": 70,
          "column": 39
        }
      },
      "13": {
        "start": {
          "line": 71,
          "column": 23
        },
        "end": {
          "line": 71,
          "column": 38
        }
      },
      "14": {
        "start": {
          "line": 72,
          "column": 26
        },
        "end": {
          "line": 72,
          "column": 40
        }
      },
      "15": {
        "start": {
          "line": 73,
          "column": 26
        },
        "end": {
          "line": 73,
          "column": 41
        }
      }
    },
    "fnMap": {
      "0": {
        "name": "(anonymous_0)",
        "decl": {
          "start": {
            "line": 22,
            "column": 53
          },
          "end": {
            "line": 22,
            "column": 54
          }
        },
        "loc": {
          "start": {
            "line": 31,
            "column": 6
          },
          "end": {
            "line": 85,
            "column": 1
          }
        },
        "line": 31
      },
      "1": {
        "name": "(anonymous_1)",
        "decl": {
          "start": {
            "line": 70,
            "column": 19
          },
          "end": {
            "line": 70,
            "column": 20
          }
        },
        "loc": {
          "start": {
            "line": 70,
            "column": 25
          },
          "end": {
            "line": 70,
            "column": 39
          }
        },
        "line": 70
      },
      "2": {
        "name": "(anonymous_2)",
        "decl": {
          "start": {
            "line": 71,
            "column": 17
          },
          "end": {
            "line": 71,
            "column": 18
          }
        },
        "loc": {
          "start": {
            "line": 71,
            "column": 23
          },
          "end": {
            "line": 71,
            "column": 38
          }
        },
        "line": 71
      },
      "3": {
        "name": "(anonymous_3)",
        "decl": {
          "start": {
            "line": 72,
            "column": 20
          },
          "end": {
            "line": 72,
            "column": 21
          }
        },
        "loc": {
          "start": {
            "line": 72,
            "column": 26
          },
          "end": {
            "line": 72,
            "column": 40
          }
        },
        "line": 72
      },
      "4": {
        "name": "(anonymous_4)",
        "decl": {
          "start": {
            "line": 73,
            "column": 20
          },
          "end": {
            "line": 73,
            "column": 21
          }
        },
        "loc": {
          "start": {
            "line": 73,
            "column": 26
          },
          "end": {
            "line": 73,
            "column": 41
          }
        },
        "line": 73
      }
    },
    "branchMap": {
      "0": {
        "loc": {
          "start": {
            "line": 25,
            "column": 2
          },
          "end": {
            "line": 25,
            "column": 21
          }
        },
        "type": "default-arg",
        "locations": [
          {
            "start": {
              "line": 25,
              "column": 12
            },
            "end": {
              "line": 25,
              "column": 21
            }
          }
        ],
        "line": 25
      },
      "1": {
        "loc": {
          "start": {
            "line": 26,
            "column": 2
          },
          "end": {
            "line": 26,
            "column": 13
          }
        },
        "type": "default-arg",
        "locations": [
          {
            "start": {
              "line": 26,
              "column": 9
            },
            "end": {
              "line": 26,
              "column": 13
            }
          }
        ],
        "line": 26
      },
      "2": {
        "loc": {
          "start": {
            "line": 28,
            "column": 2
          },
          "end": {
            "line": 28,
            "column": 14
          }
        },
        "type": "default-arg",
        "locations": [
          {
            "start": {
              "line": 28,
              "column": 9
            },
            "end": {
              "line": 28,
              "column": 14
            }
          }
        ],
        "line": 28
      },
      "3": {
        "loc": {
          "start": {
            "line": 29,
            "column": 2
          },
          "end": {
            "line": 29,
            "column": 17
          }
        },
        "type": "default-arg",
        "locations": [
          {
            "start": {
              "line": 29,
              "column": 12
            },
            "end": {
              "line": 29,
              "column": 17
            }
          }
        ],
        "line": 29
      },
      "4": {
        "loc": {
          "start": {
            "line": 36,
            "column": 17
          },
          "end": {
            "line": 36,
            "column": 50
          }
        },
        "type": "cond-expr",
        "locations": [
          {
            "start": {
              "line": 36,
              "column": 25
            },
            "end": {
              "line": 36,
              "column": 29
            }
          },
          {
            "start": {
              "line": 36,
              "column": 32
            },
            "end": {
              "line": 36,
              "column": 50
            }
          }
        ],
        "line": 36
      },
      "5": {
        "loc": {
          "start": {
            "line": 36,
            "column": 32
          },
          "end": {
            "line": 36,
            "column": 50
          }
        },
        "type": "cond-expr",
        "locations": [
          {
            "start": {
              "line": 36,
              "column": 40
            },
            "end": {
              "line": 36,
              "column": 44
            }
          },
          {
            "start": {
              "line": 36,
              "column": 47
            },
            "end": {
              "line": 36,
              "column": 50
            }
          }
        ],
        "line": 36
      },
      "6": {
        "loc": {
          "start": {
            "line": 62,
            "column": 2
          },
          "end": {
            "line": 64,
            "column": 3
          }
        },
        "type": "if",
        "locations": [
          {
            "start": {
              "line": 62,
              "column": 2
            },
            "end": {
              "line": 64,
              "column": 3
            }
          },
          {
            "start": {
              "line": 62,
              "column": 2
            },
            "end": {
              "line": 64,
              "column": 3
            }
          }
        ],
        "line": 62
      },
      "7": {
        "loc": {
          "start": {
            "line": 76,
            "column": 8
          },
          "end": {
            "line": 76,
            "column": 55
          }
        },
        "type": "cond-expr",
        "locations": [
          {
            "start": {
              "line": 76,
              "column": 15
            },
            "end": {
              "line": 76,
              "column": 50
            }
          },
          {
            "start": {
              "line": 76,
              "column": 53
            },
            "end": {
              "line": 76,
              "column": 55
            }
          }
        ],
        "line": 76
      }
    },
    "s": {
      "0": 4,
      "1": 8,
      "2": 8,
      "3": 8,
      "4": 8,
      "5": 8,
      "6": 8,
      "7": 8,
      "8": 8,
      "9": 8,
      "10": 0,
      "11": 8,
      "12": 0,
      "13": 0,
      "14": 0,
      "15": 0
    },
    "f": {
      "0": 8,
      "1": 0,
      "2": 0,
      "3": 0,
      "4": 0
    },
    "b": {
      "0": [
        4
      ],
      "1": [
        0
      ],
      "2": [
        8
      ],
      "3": [
        8
      ],
      "4": [
        0,
        8
      ],
      "5": [
        0,
        8
      ],
      "6": [
        0,
        8
      ],
      "7": [
        0,
        8
      ]
    },
    "_coverageSchema": "43e27e138ebf9cfc5966b082cf9a028302ed4184",
    "hash": "968fd41b9e8a5a07147772999c53aa8bde30b7cb"
  },
  "/Users/pascal/Code/geofind-3/geofind/src/components/ui/BackButton.tsx": {
    "path": "/Users/pascal/Code/geofind-3/geofind/src/components/ui/BackButton.tsx",
    "statementMap": {
      "0": {
        "start": {
          "line": 7,
          "column": 26
        },
        "end": {
          "line": 38,
          "column": 1
        }
      },
      "1": {
        "start": {
          "line": 8,
          "column": 32
        },
        "end": {
          "line": 8,
          "column": 43
        }
      },
      "2": {
        "start": {
          "line": 11,
          "column": 4
        },
        "end": {
          "line": 15,
          "column": 34
        }
      },
      "3": {
        "start": {
          "line": 17,
          "column": 16
        },
        "end": {
          "line": 20,
          "column": 4
        }
      },
      "4": {
        "start": {
          "line": 22,
          "column": 2
        },
        "end": {
          "line": 37,
          "column": 4
        }
      },
      "5": {
        "start": {
          "line": 30,
          "column": 35
        },
        "end": {
          "line": 30,
          "column": 55
        }
      }
    },
    "fnMap": {
      "0": {
        "name": "(anonymous_0)",
        "decl": {
          "start": {
            "line": 7,
            "column": 26
          },
          "end": {
            "line": 7,
            "column": 27
          }
        },
        "loc": {
          "start": {
            "line": 7,
            "column": 32
          },
          "end": {
            "line": 38,
            "column": 1
          }
        },
        "line": 7
      },
      "1": {
        "name": "(anonymous_1)",
        "decl": {
          "start": {
            "line": 30,
            "column": 23
          },
          "end": {
            "line": 30,
            "column": 24
          }
        },
        "loc": {
          "start": {
            "line": 30,
            "column": 35
          },
          "end": {
            "line": 30,
            "column": 55
          }
        },
        "line": 30
      }
    },
    "branchMap": {
      "0": {
        "loc": {
          "start": {
            "line": 11,
            "column": 4
          },
          "end": {
            "line": 15,
            "column": 34
          }
        },
        "type": "binary-expr",
        "locations": [
          {
            "start": {
              "line": 11,
              "column": 4
            },
            "end": {
              "line": 11,
              "column": 34
            }
          },
          {
            "start": {
              "line": 12,
              "column": 4
            },
            "end": {
              "line": 12,
              "column": 35
            }
          },
          {
            "start": {
              "line": 13,
              "column": 4
            },
            "end": {
              "line": 13,
              "column": 30
            }
          },
          {
            "start": {
              "line": 14,
              "column": 4
            },
            "end": {
              "line": 14,
              "column": 31
            }
          },
          {
            "start": {
              "line": 15,
              "column": 4
            },
            "end": {
              "line": 15,
              "column": 34
            }
          }
        ],
        "line": 11
      },
      "1": {
        "loc": {
          "start": {
            "line": 19,
            "column": 7
          },
          "end": {
            "line": 19,
            "column": 28
          }
        },
        "type": "cond-expr",
        "locations": [
          {
            "start": {
              "line": 19,
              "column": 23
            },
            "end": {
              "line": 19,
              "column": 24
            }
          },
          {
            "start": {
              "line": 19,
              "column": 27
            },
            "end": {
              "line": 19,
              "column": 28
            }
          }
        ],
        "line": 19
      }
    },
    "s": {
      "0": 25,
      "1": 4,
      "2": 4,
      "3": 4,
      "4": 4,
      "5": 8
    },
    "f": {
      "0": 4,
      "1": 8
    },
    "b": {
      "0": [
        4,
        1,
        1,
        1,
        1
      ],
      "1": [
        3,
        1
      ]
    },
    "_coverageSchema": "43e27e138ebf9cfc5966b082cf9a028302ed4184",
    "hash": "92e49e75ab5cbf2585d321c9862487e3bf28df33"
  },
  "/Users/pascal/Code/geofind-3/geofind/src/components/layout/Container.tsx": {
    "path": "/Users/pascal/Code/geofind-3/geofind/src/components/layout/Container.tsx",
    "statementMap": {
      "0": {
        "start": {
          "line": 8,
          "column": 51
        },
        "end": {
          "line": 15,
          "column": 1
        }
      },
      "1": {
        "start": {
          "line": 12,
          "column": 2
        },
        "end": {
          "line": 14,
          "column": 4
        }
      }
    },
    "fnMap": {
      "0": {
        "name": "(anonymous_0)",
        "decl": {
          "start": {
            "line": 8,
            "column": 51
          },
          "end": {
            "line": 8,
            "column": 52
          }
        },
        "loc": {
          "start": {
            "line": 11,
            "column": 6
          },
          "end": {
            "line": 15,
            "column": 1
          }
        },
        "line": 11
      }
    },
    "branchMap": {
      "0": {
        "loc": {
          "start": {
            "line": 9,
            "column": 2
          },
          "end": {
            "line": 9,
            "column": 16
          }
        },
        "type": "default-arg",
        "locations": [
          {
            "start": {
              "line": 9,
              "column": 14
            },
            "end": {
              "line": 9,
              "column": 16
            }
          }
        ],
        "line": 9
      }
    },
    "s": {
      "0": 25,
      "1": 5
    },
    "f": {
      "0": 5
    },
    "b": {
      "0": [
        0
      ]
    },
    "_coverageSchema": "43e27e138ebf9cfc5966b082cf9a028302ed4184",
    "hash": "fbf6933dc9594b30ec35a8b2a4140247aec97db9"
  },
  "/Users/pascal/Code/geofind-3/geofind/src/hooks/useCurrentUser.ts": {
    "path": "/Users/pascal/Code/geofind-3/geofind/src/hooks/useCurrentUser.ts",
    "statementMap": {
      "0": {
        "start": {
          "line": 3,
          "column": 30
        },
        "end": {
          "line": 7,
          "column": 1
        }
      },
      "1": {
        "start": {
          "line": 4,
          "column": 15
        },
        "end": {
          "line": 4,
          "column": 43
        }
      },
      "2": {
        "start": {
          "line": 6,
          "column": 2
        },
        "end": {
          "line": 6,
          "column": 18
        }
      }
    },
    "fnMap": {
      "0": {
        "name": "(anonymous_0)",
        "decl": {
          "start": {
            "line": 3,
            "column": 30
          },
          "end": {
            "line": 3,
            "column": 31
          }
        },
        "loc": {
          "start": {
            "line": 3,
            "column": 36
          },
          "end": {
            "line": 7,
            "column": 1
          }
        },
        "line": 3
      }
    },
    "branchMap": {},
    "s": {
      "0": 25,
      "1": 206,
      "2": 206
    },
    "f": {
      "0": 206
    },
    "b": {},
    "_coverageSchema": "43e27e138ebf9cfc5966b082cf9a028302ed4184",
    "hash": "b4eedd584c5825371995066930f74a770b0cae10"
  },
  "/Users/pascal/Code/geofind-3/geofind/src/components/user/UserAvatar.tsx": {
    "path": "/Users/pascal/Code/geofind-3/geofind/src/components/user/UserAvatar.tsx",
    "statementMap": {
      "0": {
        "start": {
          "line": 12,
          "column": 53
        },
        "end": {
          "line": 64,
          "column": 1
        }
      },
      "1": {
        "start": {
          "line": 17,
          "column": 32
        },
        "end": {
          "line": 17,
          "column": 48
        }
      },
      "2": {
        "start": {
          "line": 19,
          "column": 2
        },
        "end": {
          "line": 63,
          "column": 3
        }
      },
      "3": {
        "start": {
          "line": 20,
          "column": 4
        },
        "end": {
          "line": 39,
          "column": 6
        }
      },
      "4": {
        "start": {
          "line": 41,
          "column": 4
        },
        "end": {
          "line": 62,
          "column": 6
        }
      }
    },
    "fnMap": {
      "0": {
        "name": "(anonymous_0)",
        "decl": {
          "start": {
            "line": 12,
            "column": 53
          },
          "end": {
            "line": 12,
            "column": 54
          }
        },
        "loc": {
          "start": {
            "line": 16,
            "column": 6
          },
          "end": {
            "line": 64,
            "column": 1
          }
        },
        "line": 16
      }
    },
    "branchMap": {
      "0": {
        "loc": {
          "start": {
            "line": 19,
            "column": 2
          },
          "end": {
            "line": 63,
            "column": 3
          }
        },
        "type": "if",
        "locations": [
          {
            "start": {
              "line": 19,
              "column": 2
            },
            "end": {
              "line": 63,
              "column": 3
            }
          },
          {
            "start": {
              "line": 19,
              "column": 2
            },
            "end": {
              "line": 63,
              "column": 3
            }
          }
        ],
        "line": 19
      },
      "1": {
        "loc": {
          "start": {
            "line": 22,
            "column": 9
          },
          "end": {
            "line": 37,
            "column": 9
          }
        },
        "type": "cond-expr",
        "locations": [
          {
            "start": {
              "line": 23,
              "column": 10
            },
            "end": {
              "line": 29,
              "column": 12
            }
          },
          {
            "start": {
              "line": 31,
              "column": 10
            },
            "end": {
              "line": 36,
              "column": 12
            }
          }
        ],
        "line": 22
      },
      "2": {
        "loc": {
          "start": {
            "line": 45,
            "column": 9
          },
          "end": {
            "line": 60,
            "column": 9
          }
        },
        "type": "cond-expr",
        "locations": [
          {
            "start": {
              "line": 46,
              "column": 10
            },
            "end": {
              "line": 52,
              "column": 12
            }
          },
          {
            "start": {
              "line": 54,
              "column": 10
            },
            "end": {
              "line": 59,
              "column": 12
            }
          }
        ],
        "line": 45
      },
      "3": {
        "loc": {
          "start": {
            "line": 45,
            "column": 9
          },
          "end": {
            "line": 45,
            "column": 64
          }
        },
        "type": "binary-expr",
        "locations": [
          {
            "start": {
              "line": 45,
              "column": 9
            },
            "end": {
              "line": 45,
              "column": 37
            }
          },
          {
            "start": {
              "line": 45,
              "column": 41
            },
            "end": {
              "line": 45,
              "column": 64
            }
          }
        ],
        "line": 45
      }
    },
    "s": {
      "0": 25,
      "1": 7,
      "2": 7,
      "3": 2,
      "4": 5
    },
    "f": {
      "0": 7
    },
    "b": {
      "0": [
        2,
        5
      ],
      "1": [
        0,
        2
      ],
      "2": [
        0,
        5
      ],
      "3": [
        5,
        5
      ]
    },
    "_coverageSchema": "43e27e138ebf9cfc5966b082cf9a028302ed4184",
    "hash": "e9a6d983b769c8440a10da36523fb0112dfc1ae6"
  },
  "/Users/pascal/Code/geofind-3/geofind/src/utils/experience.ts": {
    "path": "/Users/pascal/Code/geofind-3/geofind/src/utils/experience.ts",
    "statementMap": {
      "0": {
        "start": {
          "line": 1,
          "column": 21
        },
        "end": {
          "line": 1,
          "column": 24
        }
      },
      "1": {
        "start": {
          "line": 2,
          "column": 24
        },
        "end": {
          "line": 4,
          "column": 1
        }
      },
      "2": {
        "start": {
          "line": 3,
          "column": 2
        },
        "end": {
          "line": 3,
          "column": 64
        }
      },
      "3": {
        "start": {
          "line": 6,
          "column": 28
        },
        "end": {
          "line": 10,
          "column": 1
        }
      },
      "4": {
        "start": {
          "line": 7,
          "column": 18
        },
        "end": {
          "line": 7,
          "column": 31
        }
      },
      "5": {
        "start": {
          "line": 8,
          "column": 15
        },
        "end": {
          "line": 8,
          "column": 46
        }
      },
      "6": {
        "start": {
          "line": 9,
          "column": 2
        },
        "end": {
          "line": 9,
          "column": 14
        }
      },
      "7": {
        "start": {
          "line": 12,
          "column": 34
        },
        "end": {
          "line": 14,
          "column": 1
        }
      },
      "8": {
        "start": {
          "line": 13,
          "column": 2
        },
        "end": {
          "line": 13,
          "column": 39
        }
      }
    },
    "fnMap": {
      "0": {
        "name": "(anonymous_0)",
        "decl": {
          "start": {
            "line": 2,
            "column": 24
          },
          "end": {
            "line": 2,
            "column": 25
          }
        },
        "loc": {
          "start": {
            "line": 2,
            "column": 41
          },
          "end": {
            "line": 4,
            "column": 1
          }
        },
        "line": 2
      },
      "1": {
        "name": "(anonymous_1)",
        "decl": {
          "start": {
            "line": 6,
            "column": 28
          },
          "end": {
            "line": 6,
            "column": 29
          }
        },
        "loc": {
          "start": {
            "line": 6,
            "column": 45
          },
          "end": {
            "line": 10,
            "column": 1
          }
        },
        "line": 6
      },
      "2": {
        "name": "(anonymous_2)",
        "decl": {
          "start": {
            "line": 12,
            "column": 34
          },
          "end": {
            "line": 12,
            "column": 35
          }
        },
        "loc": {
          "start": {
            "line": 12,
            "column": 53
          },
          "end": {
            "line": 14,
            "column": 1
          }
        },
        "line": 12
      }
    },
    "branchMap": {},
    "s": {
      "0": 25,
      "1": 25,
      "2": 5,
      "3": 25,
      "4": 0,
      "5": 0,
      "6": 0,
      "7": 25,
      "8": 0
    },
    "f": {
      "0": 5,
      "1": 0,
      "2": 0
    },
    "b": {},
    "_coverageSchema": "43e27e138ebf9cfc5966b082cf9a028302ed4184",
    "hash": "1ca41532d7beb6ff429d66adadf8a081b19b72d5"
  },
  "/Users/pascal/Code/geofind-3/geofind/src/state/settings.ts": {
    "path": "/Users/pascal/Code/geofind-3/geofind/src/state/settings.ts",
    "statementMap": {
      "0": {
        "start": {
          "line": 5,
          "column": 29
        },
        "end": {
          "line": 5,
          "column": 46
        }
      }
    },
    "fnMap": {},
    "branchMap": {},
    "s": {
      "0": 25
    },
    "f": {},
    "b": {},
    "_coverageSchema": "43e27e138ebf9cfc5966b082cf9a028302ed4184",
    "hash": "ec54f6d45dddc1ba536e9945f1ac38d944f445a4"
  },
  "/Users/pascal/Code/geofind-3/geofind/src/components/user/UserProfileStatus.tsx": {
    "path": "/Users/pascal/Code/geofind-3/geofind/src/components/user/UserProfileStatus.tsx",
    "statementMap": {
      "0": {
        "start": {
          "line": 9,
          "column": 33
        },
        "end": {
          "line": 36,
          "column": 1
        }
      },
      "1": {
        "start": {
          "line": 10,
          "column": 19
        },
        "end": {
          "line": 10,
          "column": 57
        }
      },
      "2": {
        "start": {
          "line": 10,
          "column": 37
        },
        "end": {
          "line": 10,
          "column": 56
        }
      },
      "3": {
        "start": {
          "line": 12,
          "column": 12
        },
        "end": {
          "line": 12,
          "column": 29
        }
      },
      "4": {
        "start": {
          "line": 13,
          "column": 19
        },
        "end": {
          "line": 13,
          "column": 35
        }
      },
      "5": {
        "start": {
          "line": 14,
          "column": 38
        },
        "end": {
          "line": 14,
          "column": 49
        }
      },
      "6": {
        "start": {
          "line": 16,
          "column": 2
        },
        "end": {
          "line": 35,
          "column": 4
        }
      }
    },
    "fnMap": {
      "0": {
        "name": "(anonymous_0)",
        "decl": {
          "start": {
            "line": 9,
            "column": 33
          },
          "end": {
            "line": 9,
            "column": 34
          }
        },
        "loc": {
          "start": {
            "line": 9,
            "column": 39
          },
          "end": {
            "line": 36,
            "column": 1
          }
        },
        "line": 9
      },
      "1": {
        "name": "(anonymous_1)",
        "decl": {
          "start": {
            "line": 10,
            "column": 31
          },
          "end": {
            "line": 10,
            "column": 32
          }
        },
        "loc": {
          "start": {
            "line": 10,
            "column": 37
          },
          "end": {
            "line": 10,
            "column": 56
          }
        },
        "line": 10
      }
    },
    "branchMap": {
      "0": {
        "loc": {
          "start": {
            "line": 23,
            "column": 13
          },
          "end": {
            "line": 23,
            "column": 54
          }
        },
        "type": "cond-expr",
        "locations": [
          {
            "start": {
              "line": 23,
              "column": 25
            },
            "end": {
              "line": 23,
              "column": 39
            }
          },
          {
            "start": {
              "line": 23,
              "column": 42
            },
            "end": {
              "line": 23,
              "column": 54
            }
          }
        ],
        "line": 23
      },
      "1": {
        "loc": {
          "start": {
            "line": 28,
            "column": 11
          },
          "end": {
            "line": 30,
            "column": 11
          }
        },
        "type": "binary-expr",
        "locations": [
          {
            "start": {
              "line": 28,
              "column": 11
            },
            "end": {
              "line": 28,
              "column": 36
            }
          },
          {
            "start": {
              "line": 28,
              "column": 40
            },
            "end": {
              "line": 28,
              "column": 49
            }
          },
          {
            "start": {
              "line": 29,
              "column": 12
            },
            "end": {
              "line": 29,
              "column": 69
            }
          }
        ],
        "line": 28
      }
    },
    "s": {
      "0": 25,
      "1": 5,
      "2": 5,
      "3": 5,
      "4": 5,
      "5": 5,
      "6": 5
    },
    "f": {
      "0": 5,
      "1": 5
    },
    "b": {
      "0": [
        5,
        0
      ],
      "1": [
        5,
        5,
        5
      ]
    },
    "_coverageSchema": "43e27e138ebf9cfc5966b082cf9a028302ed4184",
    "hash": "4571492609996bf5093d9b0a3174155135c4ff1f"
  },
  "/Users/pascal/Code/geofind-3/geofind/src/components/user/UsersOnlineCounter.tsx": {
    "path": "/Users/pascal/Code/geofind-3/geofind/src/components/user/UsersOnlineCounter.tsx",
    "statementMap": {
      "0": {
        "start": {
          "line": 5,
          "column": 34
        },
        "end": {
          "line": 20,
          "column": 1
        }
      },
      "1": {
        "start": {
          "line": 6,
          "column": 12
        },
        "end": {
          "line": 6,
          "column": 37
        }
      },
      "2": {
        "start": {
          "line": 7,
          "column": 28
        },
        "end": {
          "line": 7,
          "column": 39
        }
      },
      "3": {
        "start": {
          "line": 8,
          "column": 2
        },
        "end": {
          "line": 12,
          "column": 5
        }
      },
      "4": {
        "start": {
          "line": 10,
          "column": 6
        },
        "end": {
          "line": 10,
          "column": 22
        }
      },
      "5": {
        "start": {
          "line": 13,
          "column": 2
        },
        "end": {
          "line": 19,
          "column": 4
        }
      }
    },
    "fnMap": {
      "0": {
        "name": "(anonymous_0)",
        "decl": {
          "start": {
            "line": 5,
            "column": 34
          },
          "end": {
            "line": 5,
            "column": 35
          }
        },
        "loc": {
          "start": {
            "line": 5,
            "column": 40
          },
          "end": {
            "line": 20,
            "column": 1
          }
        },
        "line": 5
      },
      "1": {
        "name": "(anonymous_1)",
        "decl": {
          "start": {
            "line": 9,
            "column": 4
          },
          "end": {
            "line": 9,
            "column": 5
          }
        },
        "loc": {
          "start": {
            "line": 9,
            "column": 22
          },
          "end": {
            "line": 11,
            "column": 5
          }
        },
        "line": 9
      }
    },
    "branchMap": {},
    "s": {
      "0": 25,
      "1": 5,
      "2": 5,
      "3": 5,
      "4": 1,
      "5": 5
    },
    "f": {
      "0": 5,
      "1": 1
    },
    "b": {},
    "_coverageSchema": "43e27e138ebf9cfc5966b082cf9a028302ed4184",
    "hash": "21a3e8544cba349b7dbe19c1e859b44123430afc"
  },
  "/Users/pascal/Code/geofind-3/geofind/src/state/singleplayer.ts": {
    "path": "/Users/pascal/Code/geofind-3/geofind/src/state/singleplayer.ts",
    "statementMap": {
      "0": {
        "start": {
          "line": 8,
          "column": 33
        },
        "end": {
          "line": 8,
          "column": 64
        }
      }
    },
    "fnMap": {},
    "branchMap": {},
    "s": {
      "0": 25
    },
    "f": {},
    "b": {},
    "_coverageSchema": "43e27e138ebf9cfc5966b082cf9a028302ed4184",
    "hash": "38c419c5b23d0c0d699c08bb5dc4d19ff08ef539"
  },
  "/Users/pascal/Code/geofind-3/geofind/src/state/multiplayer.ts": {
    "path": "/Users/pascal/Code/geofind-3/geofind/src/state/multiplayer.ts",
    "statementMap": {
      "0": {
        "start": {
          "line": 17,
          "column": 32
        },
        "end": {
          "line": 17,
          "column": 62
        }
      },
      "1": {
        "start": {
          "line": 18,
          "column": 35
        },
        "end": {
          "line": 18,
          "column": 72
        }
      }
    },
    "fnMap": {},
    "branchMap": {},
    "s": {
      "0": 25,
      "1": 25
    },
    "f": {},
    "b": {},
    "_coverageSchema": "43e27e138ebf9cfc5966b082cf9a028302ed4184",
    "hash": "e08515852a5edfb772ceae4d3f58041e0341e369"
  },
  "/Users/pascal/Code/geofind-3/geofind/src/components/layout/Navbar.tsx": {
    "path": "/Users/pascal/Code/geofind-3/geofind/src/components/layout/Navbar.tsx",
    "statementMap": {
      "0": {
        "start": {
          "line": 14,
          "column": 45
        },
        "end": {
          "line": 49,
          "column": 1
        }
      },
      "1": {
        "start": {
          "line": 15,
          "column": 23
        },
        "end": {
          "line": 15,
          "column": 65
        }
      },
      "2": {
        "start": {
          "line": 15,
          "column": 41
        },
        "end": {
          "line": 15,
          "column": 64
        }
      },
      "3": {
        "start": {
          "line": 16,
          "column": 22
        },
        "end": {
          "line": 16,
          "column": 63
        }
      },
      "4": {
        "start": {
          "line": 16,
          "column": 40
        },
        "end": {
          "line": 16,
          "column": 62
        }
      },
      "5": {
        "start": {
          "line": 18,
          "column": 4
        },
        "end": {
          "line": 18,
          "column": 70
        }
      },
      "6": {
        "start": {
          "line": 20,
          "column": 16
        },
        "end": {
          "line": 31,
          "column": 4
        }
      },
      "7": {
        "start": {
          "line": 33,
          "column": 2
        },
        "end": {
          "line": 48,
          "column": 4
        }
      }
    },
    "fnMap": {
      "0": {
        "name": "(anonymous_0)",
        "decl": {
          "start": {
            "line": 14,
            "column": 45
          },
          "end": {
            "line": 14,
            "column": 46
          }
        },
        "loc": {
          "start": {
            "line": 14,
            "column": 53
          },
          "end": {
            "line": 49,
            "column": 1
          }
        },
        "line": 14
      },
      "1": {
        "name": "(anonymous_1)",
        "decl": {
          "start": {
            "line": 15,
            "column": 35
          },
          "end": {
            "line": 15,
            "column": 36
          }
        },
        "loc": {
          "start": {
            "line": 15,
            "column": 41
          },
          "end": {
            "line": 15,
            "column": 64
          }
        },
        "line": 15
      },
      "2": {
        "name": "(anonymous_2)",
        "decl": {
          "start": {
            "line": 16,
            "column": 34
          },
          "end": {
            "line": 16,
            "column": 35
          }
        },
        "loc": {
          "start": {
            "line": 16,
            "column": 40
          },
          "end": {
            "line": 16,
            "column": 62
          }
        },
        "line": 16
      }
    },
    "branchMap": {
      "0": {
        "loc": {
          "start": {
            "line": 18,
            "column": 4
          },
          "end": {
            "line": 18,
            "column": 70
          }
        },
        "type": "binary-expr",
        "locations": [
          {
            "start": {
              "line": 18,
              "column": 4
            },
            "end": {
              "line": 18,
              "column": 16
            }
          },
          {
            "start": {
              "line": 18,
              "column": 21
            },
            "end": {
              "line": 18,
              "column": 32
            }
          },
          {
            "start": {
              "line": 18,
              "column": 36
            },
            "end": {
              "line": 18,
              "column": 69
            }
          }
        ],
        "line": 18
      },
      "1": {
        "loc": {
          "start": {
            "line": 27,
            "column": 18
          },
          "end": {
            "line": 27,
            "column": 45
          }
        },
        "type": "cond-expr",
        "locations": [
          {
            "start": {
              "line": 27,
              "column": 31
            },
            "end": {
              "line": 27,
              "column": 38
            }
          },
          {
            "start": {
              "line": 27,
              "column": 41
            },
            "end": {
              "line": 27,
              "column": 45
            }
          }
        ],
        "line": 27
      },
      "2": {
        "loc": {
          "start": {
            "line": 29,
            "column": 15
          },
          "end": {
            "line": 29,
            "column": 33
          }
        },
        "type": "cond-expr",
        "locations": [
          {
            "start": {
              "line": 29,
              "column": 28
            },
            "end": {
              "line": 29,
              "column": 29
            }
          },
          {
            "start": {
              "line": 29,
              "column": 32
            },
            "end": {
              "line": 29,
              "column": 33
            }
          }
        ],
        "line": 29
      }
    },
    "s": {
      "0": 25,
      "1": 4,
      "2": 4,
      "3": 4,
      "4": 4,
      "5": 4,
      "6": 4,
      "7": 4
    },
    "f": {
      "0": 4,
      "1": 4,
      "2": 4
    },
    "b": {
      "0": [
        4,
        4,
        1
      ],
      "1": [
        0,
        4
      ],
      "2": [
        0,
        4
      ]
    },
    "_coverageSchema": "43e27e138ebf9cfc5966b082cf9a028302ed4184",
    "hash": "8f069ddca6729f9fb8b6154d7b883381fb98b4d6"
  },
  "/Users/pascal/Code/geofind-3/geofind/src/components/layout/Footer.tsx": {
    "path": "/Users/pascal/Code/geofind-3/geofind/src/components/layout/Footer.tsx",
    "statementMap": {
      "0": {
        "start": {
          "line": 5,
          "column": 19
        },
        "end": {
          "line": 76,
          "column": 1
        }
      },
      "1": {
        "start": {
          "line": 18,
          "column": 8
        },
        "end": {
          "line": 24,
          "column": 14
        }
      },
      "2": {
        "start": {
          "line": 31,
          "column": 8
        },
        "end": {
          "line": 37,
          "column": 14
        }
      },
      "3": {
        "start": {
          "line": 44,
          "column": 8
        },
        "end": {
          "line": 46,
          "column": 14
        }
      },
      "4": {
        "start": {
          "line": 53,
          "column": 8
        },
        "end": {
          "line": 59,
          "column": 14
        }
      },
      "5": {
        "start": {
          "line": 66,
          "column": 8
        },
        "end": {
          "line": 72,
          "column": 14
        }
      },
      "6": {
        "start": {
          "line": 78,
          "column": 22
        },
        "end": {
          "line": 113,
          "column": 1
        }
      },
      "7": {
        "start": {
          "line": 79,
          "column": 12
        },
        "end": {
          "line": 79,
          "column": 35
        }
      },
      "8": {
        "start": {
          "line": 81,
          "column": 2
        },
        "end": {
          "line": 112,
          "column": 4
        }
      },
      "9": {
        "start": {
          "line": 92,
          "column": 12
        },
        "end": {
          "line": 96,
          "column": 18
        }
      },
      "10": {
        "start": {
          "line": 101,
          "column": 12
        },
        "end": {
          "line": 104,
          "column": 16
        }
      }
    },
    "fnMap": {
      "0": {
        "name": "(anonymous_0)",
        "decl": {
          "start": {
            "line": 17,
            "column": 12
          },
          "end": {
            "line": 17,
            "column": 13
          }
        },
        "loc": {
          "start": {
            "line": 18,
            "column": 8
          },
          "end": {
            "line": 24,
            "column": 14
          }
        },
        "line": 18
      },
      "1": {
        "name": "(anonymous_1)",
        "decl": {
          "start": {
            "line": 30,
            "column": 12
          },
          "end": {
            "line": 30,
            "column": 13
          }
        },
        "loc": {
          "start": {
            "line": 31,
            "column": 8
          },
          "end": {
            "line": 37,
            "column": 14
          }
        },
        "line": 31
      },
      "2": {
        "name": "(anonymous_2)",
        "decl": {
          "start": {
            "line": 43,
            "column": 12
          },
          "end": {
            "line": 43,
            "column": 13
          }
        },
        "loc": {
          "start": {
            "line": 44,
            "column": 8
          },
          "end": {
            "line": 46,
            "column": 14
          }
        },
        "line": 44
      },
      "3": {
        "name": "(anonymous_3)",
        "decl": {
          "start": {
            "line": 52,
            "column": 12
          },
          "end": {
            "line": 52,
            "column": 13
          }
        },
        "loc": {
          "start": {
            "line": 53,
            "column": 8
          },
          "end": {
            "line": 59,
            "column": 14
          }
        },
        "line": 53
      },
      "4": {
        "name": "(anonymous_4)",
        "decl": {
          "start": {
            "line": 65,
            "column": 12
          },
          "end": {
            "line": 65,
            "column": 13
          }
        },
        "loc": {
          "start": {
            "line": 66,
            "column": 8
          },
          "end": {
            "line": 72,
            "column": 14
          }
        },
        "line": 66
      },
      "5": {
        "name": "(anonymous_5)",
        "decl": {
          "start": {
            "line": 78,
            "column": 22
          },
          "end": {
            "line": 78,
            "column": 23
          }
        },
        "loc": {
          "start": {
            "line": 78,
            "column": 28
          },
          "end": {
            "line": 113,
            "column": 1
          }
        },
        "line": 78
      },
      "6": {
        "name": "(anonymous_6)",
        "decl": {
          "start": {
            "line": 91,
            "column": 31
          },
          "end": {
            "line": 91,
            "column": 32
          }
        },
        "loc": {
          "start": {
            "line": 92,
            "column": 12
          },
          "end": {
            "line": 96,
            "column": 18
          }
        },
        "line": 92
      },
      "7": {
        "name": "(anonymous_7)",
        "decl": {
          "start": {
            "line": 100,
            "column": 33
          },
          "end": {
            "line": 100,
            "column": 34
          }
        },
        "loc": {
          "start": {
            "line": 101,
            "column": 12
          },
          "end": {
            "line": 104,
            "column": 16
          }
        },
        "line": 101
      }
    },
    "branchMap": {},
    "s": {
      "0": 25,
      "1": 3,
      "2": 3,
      "3": 3,
      "4": 2,
      "5": 2,
      "6": 25,
      "7": 3,
      "8": 3,
      "9": 15,
      "10": 15
    },
    "f": {
      "0": 3,
      "1": 3,
      "2": 3,
      "3": 2,
      "4": 2,
      "5": 3,
      "6": 15,
      "7": 15
    },
    "b": {},
    "_coverageSchema": "43e27e138ebf9cfc5966b082cf9a028302ed4184",
    "hash": "2b717541642b92b07a7326dfb525db91ec9663e5"
  },
  "/Users/pascal/Code/geofind-3/geofind/src/components/utils/DSGVO.tsx": {
    "path": "/Users/pascal/Code/geofind-3/geofind/src/components/utils/DSGVO.tsx",
    "statementMap": {
      "0": {
        "start": {
          "line": 5,
          "column": 21
        },
        "end": {
          "line": 37,
          "column": 1
        }
      },
      "1": {
        "start": {
          "line": 6,
          "column": 30
        },
        "end": {
          "line": 6,
          "column": 60
        }
      },
      "2": {
        "start": {
          "line": 7,
          "column": 12
        },
        "end": {
          "line": 7,
          "column": 37
        }
      },
      "3": {
        "start": {
          "line": 9,
          "column": 2
        },
        "end": {
          "line": 11,
          "column": 3
        }
      },
      "4": {
        "start": {
          "line": 10,
          "column": 4
        },
        "end": {
          "line": 10,
          "column": 17
        }
      },
      "5": {
        "start": {
          "line": 13,
          "column": 2
        },
        "end": {
          "line": 36,
          "column": 4
        }
      },
      "6": {
        "start": {
          "line": 22,
          "column": 27
        },
        "end": {
          "line": 22,
          "column": 43
        }
      }
    },
    "fnMap": {
      "0": {
        "name": "(anonymous_0)",
        "decl": {
          "start": {
            "line": 5,
            "column": 21
          },
          "end": {
            "line": 5,
            "column": 22
          }
        },
        "loc": {
          "start": {
            "line": 5,
            "column": 27
          },
          "end": {
            "line": 37,
            "column": 1
          }
        },
        "line": 5
      },
      "1": {
        "name": "(anonymous_1)",
        "decl": {
          "start": {
            "line": 22,
            "column": 21
          },
          "end": {
            "line": 22,
            "column": 22
          }
        },
        "loc": {
          "start": {
            "line": 22,
            "column": 27
          },
          "end": {
            "line": 22,
            "column": 43
          }
        },
        "line": 22
      }
    },
    "branchMap": {
      "0": {
        "loc": {
          "start": {
            "line": 9,
            "column": 2
          },
          "end": {
            "line": 11,
            "column": 3
          }
        },
        "type": "if",
        "locations": [
          {
            "start": {
              "line": 9,
              "column": 2
            },
            "end": {
              "line": 11,
              "column": 3
            }
          },
          {
            "start": {
              "line": 9,
              "column": 2
            },
            "end": {
              "line": 11,
              "column": 3
            }
          }
        ],
        "line": 9
      }
    },
    "s": {
      "0": 25,
      "1": 4,
      "2": 4,
      "3": 4,
      "4": 0,
      "5": 4,
      "6": 0
    },
    "f": {
      "0": 4,
      "1": 0
    },
    "b": {
      "0": [
        0,
        4
      ]
    },
    "_coverageSchema": "43e27e138ebf9cfc5966b082cf9a028302ed4184",
    "hash": "410338e726ff6bc5fe3fda35b8bb57cf013e71dd"
  },
  "/Users/pascal/Code/geofind-3/geofind/src/components/layout/Layout.tsx": {
    "path": "/Users/pascal/Code/geofind-3/geofind/src/components/layout/Layout.tsx",
    "statementMap": {
      "0": {
        "start": {
          "line": 10,
          "column": 57
        },
        "end": {
          "line": 52,
          "column": 1
        }
      },
      "1": {
        "start": {
          "line": 11,
          "column": 19
        },
        "end": {
          "line": 11,
          "column": 57
        }
      },
      "2": {
        "start": {
          "line": 11,
          "column": 37
        },
        "end": {
          "line": 11,
          "column": 56
        }
      },
      "3": {
        "start": {
          "line": 12,
          "column": 28
        },
        "end": {
          "line": 12,
          "column": 43
        }
      },
      "4": {
        "start": {
          "line": 13,
          "column": 2
        },
        "end": {
          "line": 23,
          "column": 4
        }
      },
      "5": {
        "start": {
          "line": 17,
          "column": 8
        },
        "end": {
          "line": 17,
          "column": 68
        }
      },
      "6": {
        "start": {
          "line": 19,
          "column": 8
        },
        "end": {
          "line": 19,
          "column": 34
        }
      },
      "7": {
        "start": {
          "line": 20,
          "column": 8
        },
        "end": {
          "line": 20,
          "column": 23
        }
      },
      "8": {
        "start": {
          "line": 25,
          "column": 2
        },
        "end": {
          "line": 31,
          "column": 17
        }
      },
      "9": {
        "start": {
          "line": 26,
          "column": 17
        },
        "end": {
          "line": 26,
          "column": 47
        }
      },
      "10": {
        "start": {
          "line": 27,
          "column": 4
        },
        "end": {
          "line": 29,
          "column": 5
        }
      },
      "11": {
        "start": {
          "line": 28,
          "column": 6
        },
        "end": {
          "line": 28,
          "column": 13
        }
      },
      "12": {
        "start": {
          "line": 30,
          "column": 4
        },
        "end": {
          "line": 30,
          "column": 55
        }
      },
      "13": {
        "start": {
          "line": 34,
          "column": 2
        },
        "end": {
          "line": 36,
          "column": 3
        }
      },
      "14": {
        "start": {
          "line": 35,
          "column": 4
        },
        "end": {
          "line": 35,
          "column": 17
        }
      },
      "15": {
        "start": {
          "line": 38,
          "column": 2
        },
        "end": {
          "line": 51,
          "column": 4
        }
      }
    },
    "fnMap": {
      "0": {
        "name": "(anonymous_0)",
        "decl": {
          "start": {
            "line": 10,
            "column": 57
          },
          "end": {
            "line": 10,
            "column": 58
          }
        },
        "loc": {
          "start": {
            "line": 10,
            "column": 75
          },
          "end": {
            "line": 52,
            "column": 1
          }
        },
        "line": 10
      },
      "1": {
        "name": "(anonymous_1)",
        "decl": {
          "start": {
            "line": 11,
            "column": 31
          },
          "end": {
            "line": 11,
            "column": 32
          }
        },
        "loc": {
          "start": {
            "line": 11,
            "column": 37
          },
          "end": {
            "line": 11,
            "column": 56
          }
        },
        "line": 11
      },
      "2": {
        "name": "(anonymous_2)",
        "decl": {
          "start": {
            "line": 16,
            "column": 6
          },
          "end": {
            "line": 16,
            "column": 7
          }
        },
        "loc": {
          "start": {
            "line": 16,
            "column": 21
          },
          "end": {
            "line": 21,
            "column": 7
          }
        },
        "line": 16
      },
      "3": {
        "name": "(anonymous_3)",
        "decl": {
          "start": {
            "line": 25,
            "column": 12
          },
          "end": {
            "line": 25,
            "column": 13
          }
        },
        "loc": {
          "start": {
            "line": 25,
            "column": 18
          },
          "end": {
            "line": 31,
            "column": 3
          }
        },
        "line": 25
      }
    },
    "branchMap": {
      "0": {
        "loc": {
          "start": {
            "line": 27,
            "column": 4
          },
          "end": {
            "line": 29,
            "column": 5
          }
        },
        "type": "if",
        "locations": [
          {
            "start": {
              "line": 27,
              "column": 4
            },
            "end": {
              "line": 29,
              "column": 5
            }
          },
          {
            "start": {
              "line": 27,
              "column": 4
            },
            "end": {
              "line": 29,
              "column": 5
            }
          }
        ],
        "line": 27
      },
      "1": {
        "loc": {
          "start": {
            "line": 27,
            "column": 8
          },
          "end": {
            "line": 27,
            "column": 26
          }
        },
        "type": "binary-expr",
        "locations": [
          {
            "start": {
              "line": 27,
              "column": 8
            },
            "end": {
              "line": 27,
              "column": 13
            }
          },
          {
            "start": {
              "line": 27,
              "column": 17
            },
            "end": {
              "line": 27,
              "column": 26
            }
          }
        ],
        "line": 27
      },
      "2": {
        "loc": {
          "start": {
            "line": 34,
            "column": 2
          },
          "end": {
            "line": 36,
            "column": 3
          }
        },
        "type": "if",
        "locations": [
          {
            "start": {
              "line": 34,
              "column": 2
            },
            "end": {
              "line": 36,
              "column": 3
            }
          },
          {
            "start": {
              "line": 34,
              "column": 2
            },
            "end": {
              "line": 36,
              "column": 3
            }
          }
        ],
        "line": 34
      }
    },
    "s": {
      "0": 25,
      "1": 95,
      "2": 95,
      "3": 95,
      "4": 95,
      "5": 1,
      "6": 1,
      "7": 1,
      "8": 95,
      "9": 2,
      "10": 2,
      "11": 1,
      "12": 1,
      "13": 95,
      "14": 92,
      "15": 3
    },
    "f": {
      "0": 95,
      "1": 95,
      "2": 1,
      "3": 2
    },
    "b": {
      "0": [
        1,
        1
      ],
      "1": [
        2,
        2
      ],
      "2": [
        92,
        3
      ]
    },
    "_coverageSchema": "43e27e138ebf9cfc5966b082cf9a028302ed4184",
    "hash": "71e62e5c0108c897f01cc5c57bcbda27a35a9c57"
  },
  "/Users/pascal/Code/geofind-3/geofind/src/components/utils/LoadingSpinner.tsx": {
    "path": "/Users/pascal/Code/geofind-3/geofind/src/components/utils/LoadingSpinner.tsx",
    "statementMap": {
      "0": {
        "start": {
          "line": 6,
          "column": 5
        },
        "end": {
          "line": 48,
          "column": 1
        }
      },
      "1": {
        "start": {
          "line": 7,
          "column": 22
        },
        "end": {
          "line": 15,
          "column": 4
        }
      },
      "2": {
        "start": {
          "line": 17,
          "column": 2
        },
        "end": {
          "line": 47,
          "column": 4
        }
      }
    },
    "fnMap": {
      "0": {
        "name": "(anonymous_0)",
        "decl": {
          "start": {
            "line": 6,
            "column": 5
          },
          "end": {
            "line": 6,
            "column": 6
          }
        },
        "loc": {
          "start": {
            "line": 6,
            "column": 40
          },
          "end": {
            "line": 48,
            "column": 1
          }
        },
        "line": 6
      }
    },
    "branchMap": {
      "0": {
        "loc": {
          "start": {
            "line": 6,
            "column": 19
          },
          "end": {
            "line": 6,
            "column": 33
          }
        },
        "type": "default-arg",
        "locations": [
          {
            "start": {
              "line": 6,
              "column": 28
            },
            "end": {
              "line": 6,
              "column": 33
            }
          }
        ],
        "line": 6
      },
      "1": {
        "loc": {
          "start": {
            "line": 21,
            "column": 8
          },
          "end": {
            "line": 21,
            "column": 53
          }
        },
        "type": "cond-expr",
        "locations": [
          {
            "start": {
              "line": 21,
              "column": 17
            },
            "end": {
              "line": 21,
              "column": 27
            }
          },
          {
            "start": {
              "line": 21,
              "column": 30
            },
            "end": {
              "line": 21,
              "column": 53
            }
          }
        ],
        "line": 21
      },
      "2": {
        "loc": {
          "start": {
            "line": 26,
            "column": 10
          },
          "end": {
            "line": 26,
            "column": 53
          }
        },
        "type": "cond-expr",
        "locations": [
          {
            "start": {
              "line": 26,
              "column": 19
            },
            "end": {
              "line": 26,
              "column": 28
            }
          },
          {
            "start": {
              "line": 26,
              "column": 31
            },
            "end": {
              "line": 26,
              "column": 53
            }
          }
        ],
        "line": 26
      }
    },
    "s": {
      "0": 25,
      "1": 98,
      "2": 98
    },
    "f": {
      "0": 98
    },
    "b": {
      "0": [
        98
      ],
      "1": [
        0,
        98
      ],
      "2": [
        0,
        98
      ]
    },
    "_coverageSchema": "43e27e138ebf9cfc5966b082cf9a028302ed4184",
    "hash": "39eccd606810f239ddf3d8bf02f5d8e9ff3a1f8a"
  },
  "/Users/pascal/Code/geofind-3/geofind/src/components/utils/AuthProvider.tsx": {
    "path": "/Users/pascal/Code/geofind-3/geofind/src/components/utils/AuthProvider.tsx",
    "statementMap": {
      "0": {
        "start": {
          "line": 12,
          "column": 57
        },
        "end": {
          "line": 42,
          "column": 1
        }
      },
      "1": {
        "start": {
          "line": 13,
          "column": 19
        },
        "end": {
          "line": 13,
          "column": 35
        }
      },
      "2": {
        "start": {
          "line": 14,
          "column": 20
        },
        "end": {
          "line": 14,
          "column": 34
        }
      },
      "3": {
        "start": {
          "line": 15,
          "column": 2
        },
        "end": {
          "line": 25,
          "column": 24
        }
      },
      "4": {
        "start": {
          "line": 16,
          "column": 4
        },
        "end": {
          "line": 18,
          "column": 5
        }
      },
      "5": {
        "start": {
          "line": 17,
          "column": 6
        },
        "end": {
          "line": 17,
          "column": 13
        }
      },
      "6": {
        "start": {
          "line": 20,
          "column": 4
        },
        "end": {
          "line": 24,
          "column": 5
        }
      },
      "7": {
        "start": {
          "line": 21,
          "column": 6
        },
        "end": {
          "line": 23,
          "column": 9
        }
      },
      "8": {
        "start": {
          "line": 22,
          "column": 8
        },
        "end": {
          "line": 22,
          "column": 32
        }
      },
      "9": {
        "start": {
          "line": 27,
          "column": 2
        },
        "end": {
          "line": 39,
          "column": 3
        }
      },
      "10": {
        "start": {
          "line": 28,
          "column": 4
        },
        "end": {
          "line": 38,
          "column": 6
        }
      },
      "11": {
        "start": {
          "line": 41,
          "column": 2
        },
        "end": {
          "line": 41,
          "column": 25
        }
      }
    },
    "fnMap": {
      "0": {
        "name": "(anonymous_0)",
        "decl": {
          "start": {
            "line": 12,
            "column": 57
          },
          "end": {
            "line": 12,
            "column": 58
          }
        },
        "loc": {
          "start": {
            "line": 12,
            "column": 75
          },
          "end": {
            "line": 42,
            "column": 1
          }
        },
        "line": 12
      },
      "1": {
        "name": "(anonymous_1)",
        "decl": {
          "start": {
            "line": 15,
            "column": 12
          },
          "end": {
            "line": 15,
            "column": 13
          }
        },
        "loc": {
          "start": {
            "line": 15,
            "column": 18
          },
          "end": {
            "line": 25,
            "column": 3
          }
        },
        "line": 15
      },
      "2": {
        "name": "(anonymous_2)",
        "decl": {
          "start": {
            "line": 21,
            "column": 33
          },
          "end": {
            "line": 21,
            "column": 34
          }
        },
        "loc": {
          "start": {
            "line": 21,
            "column": 39
          },
          "end": {
            "line": 23,
            "column": 7
          }
        },
        "line": 21
      }
    },
    "branchMap": {
      "0": {
        "loc": {
          "start": {
            "line": 16,
            "column": 4
          },
          "end": {
            "line": 18,
            "column": 5
          }
        },
        "type": "if",
        "locations": [
          {
            "start": {
              "line": 16,
              "column": 4
            },
            "end": {
              "line": 18,
              "column": 5
            }
          },
          {
            "start": {
              "line": 16,
              "column": 4
            },
            "end": {
              "line": 18,
              "column": 5
            }
          }
        ],
        "line": 16
      },
      "1": {
        "loc": {
          "start": {
            "line": 20,
            "column": 4
          },
          "end": {
            "line": 24,
            "column": 5
          }
        },
        "type": "if",
        "locations": [
          {
            "start": {
              "line": 20,
              "column": 4
            },
            "end": {
              "line": 24,
              "column": 5
            }
          },
          {
            "start": {
              "line": 20,
              "column": 4
            },
            "end": {
              "line": 24,
              "column": 5
            }
          }
        ],
        "line": 20
      },
      "2": {
        "loc": {
          "start": {
            "line": 27,
            "column": 2
          },
          "end": {
            "line": 39,
            "column": 3
          }
        },
        "type": "if",
        "locations": [
          {
            "start": {
              "line": 27,
              "column": 2
            },
            "end": {
              "line": 39,
              "column": 3
            }
          },
          {
            "start": {
              "line": 27,
              "column": 2
            },
            "end": {
              "line": 39,
              "column": 3
            }
          }
        ],
        "line": 27
      },
      "3": {
        "loc": {
          "start": {
            "line": 27,
            "column": 6
          },
          "end": {
            "line": 27,
            "column": 34
          }
        },
        "type": "binary-expr",
        "locations": [
          {
            "start": {
              "line": 27,
              "column": 6
            },
            "end": {
              "line": 27,
              "column": 16
            }
          },
          {
            "start": {
              "line": 27,
              "column": 20
            },
            "end": {
              "line": 27,
              "column": 34
            }
          }
        ],
        "line": 27
      }
    },
    "s": {
      "0": 25,
      "1": 192,
      "2": 192,
      "3": 192,
      "4": 7,
      "5": 0,
      "6": 7,
      "7": 2,
      "8": 2,
      "9": 192,
      "10": 97,
      "11": 95
    },
    "f": {
      "0": 192,
      "1": 7,
      "2": 2
    },
    "b": {
      "0": [
        0,
        7
      ],
      "1": [
        2,
        5
      ],
      "2": [
        97,
        95
      ],
      "3": [
        192,
        95
      ]
    },
    "_coverageSchema": "43e27e138ebf9cfc5966b082cf9a028302ed4184",
    "hash": "694d470d959d4300d6bf4a64a9ae82f009eaeb98"
  },
  "/Users/pascal/Code/geofind-3/geofind/src/pages/_app.tsx": {
    "path": "/Users/pascal/Code/geofind-3/geofind/src/pages/_app.tsx",
    "statementMap": {
      "0": {
        "start": {
          "line": 13,
          "column": 72
        },
        "end": {
          "line": 42,
          "column": 1
        }
      },
      "1": {
        "start": {
          "line": 18,
          "column": 4
        },
        "end": {
          "line": 26,
          "column": 24
        }
      },
      "2": {
        "start": {
          "line": 29,
          "column": 15
        },
        "end": {
          "line": 33,
          "column": 3
        }
      },
      "3": {
        "start": {
          "line": 35,
          "column": 2
        },
        "end": {
          "line": 41,
          "column": 4
        }
      }
    },
    "fnMap": {
      "0": {
        "name": "(anonymous_0)",
        "decl": {
          "start": {
            "line": 13,
            "column": 72
          },
          "end": {
            "line": 13,
            "column": 73
          }
        },
        "loc": {
          "start": {
            "line": 16,
            "column": 6
          },
          "end": {
            "line": 42,
            "column": 1
          }
        },
        "line": 16
      }
    },
    "branchMap": {
      "0": {
        "loc": {
          "start": {
            "line": 29,
            "column": 15
          },
          "end": {
            "line": 33,
            "column": 3
          }
        },
        "type": "cond-expr",
        "locations": [
          {
            "start": {
              "line": 30,
              "column": 4
            },
            "end": {
              "line": 30,
              "column": 41
            }
          },
          {
            "start": {
              "line": 32,
              "column": 4
            },
            "end": {
              "line": 32,
              "column": 30
            }
          }
        ],
        "line": 29
      }
    },
    "s": {
      "0": 25,
      "1": 195,
      "2": 195,
      "3": 195,
      "4": null,
      "5": null
    },
    "f": {
      "0": 195,
      "1": null
    },
    "b": {
      "0": [
        0,
        195
      ]
    },
    "_coverageSchema": "43e27e138ebf9cfc5966b082cf9a028302ed4184",
    "hash": "21dcdc52e782be9227a883708310f0bf3726b399"
  },
  "/Users/pascal/Code/geofind-3/geofind/src/components/ui/Tile.tsx": {
    "path": "/Users/pascal/Code/geofind-3/geofind/src/components/ui/Tile.tsx",
    "statementMap": {
      "0": {
        "start": {
          "line": 13,
          "column": 41
        },
        "end": {
          "line": 70,
          "column": 1
        }
      },
      "1": {
        "start": {
          "line": 21,
          "column": 19
        },
        "end": {
          "line": 21,
          "column": 45
        }
      },
      "2": {
        "start": {
          "line": 22,
          "column": 35
        },
        "end": {
          "line": 28,
          "column": 5
        }
      },
      "3": {
        "start": {
          "line": 22,
          "column": 52
        },
        "end": {
          "line": 28,
          "column": 3
        }
      },
      "4": {
        "start": {
          "line": 30,
          "column": 2
        },
        "end": {
          "line": 69,
          "column": 4
        }
      },
      "5": {
        "start": {
          "line": 33,
          "column": 8
        },
        "end": {
          "line": 35,
          "column": 39
        }
      },
      "6": {
        "start": {
          "line": 38,
          "column": 8
        },
        "end": {
          "line": 40,
          "column": 38
        }
      },
      "7": {
        "start": {
          "line": 45,
          "column": 17
        },
        "end": {
          "line": 45,
          "column": 57
        }
      },
      "8": {
        "start": {
          "line": 47,
          "column": 34
        },
        "end": {
          "line": 47,
          "column": 35
        }
      }
    },
    "fnMap": {
      "0": {
        "name": "(anonymous_0)",
        "decl": {
          "start": {
            "line": 13,
            "column": 41
          },
          "end": {
            "line": 13,
            "column": 42
          }
        },
[...]
          "line": 23,
          "column": 4
        }
      },
      "4": {
        "start": {
          "line": 18,
          "column": 6
        },
        "end": {
          "line": 21,
          "column": 16
        }
      },
      "5": {
        "start": {
          "line": 25,
          "column": 24
        },
        "end": {
          "line": 30,
          "column": 3
        }
      },
      "6": {
        "start": {
          "line": 26,
          "column": 4
        },
        "end": {
          "line": 29,
          "column": 7
        }
      },
      "7": {
        "start": {
          "line": 32,
          "column": 31
        },
        "end": {
          "line": 32,
          "column": 45
        }
      },
      "8": {
        "start": {
          "line": 33,
          "column": 34
        },
        "end": {
          "line": 43,
          "column": 3
        }
      },
      "9": {
        "start": {
          "line": 35,
          "column": 11
        },
        "end": {
          "line": 42,
          "column": 5
        }
      },
      "10": {
        "start": {
          "line": 45,
          "column": 2
        },
        "end": {
          "line": 47,
          "column": 9
        }
      },
      "11": {
        "start": {
          "line": 46,
          "column": 4
        },
        "end": {
          "line": 46,
          "column": 33
        }
      },
      "12": {
        "start": {
          "line": 49,
          "column": 2
        },
        "end": {
          "line": 75,
          "column": 4
        }
      },
      "13": {
        "start": {
          "line": 52,
          "column": 8
        },
        "end": {
          "line": 72,
          "column": 20
        }
      },
      "14": {
        "start": {
          "line": 54,
          "column": 25
        },
        "end": {
          "line": 54,
          "column": 71
        }
      }
    },
    "fnMap": {
      "0": {
        "name": "(anonymous_0)",
        "decl": {
          "start": {
            "line": 14,
            "column": 28
          },
          "end": {
            "line": 14,
            "column": 29
          }
        },
        "loc": {
          "start": {
            "line": 14,
            "column": 34
          },
          "end": {
            "line": 76,
            "column": 1
          }
        },
        "line": 14
      },
      "1": {
        "name": "(anonymous_1)",
        "decl": {
          "start": {
            "line": 15,
            "column": 31
          },
          "end": {
            "line": 15,
            "column": 32
          }
        },
        "loc": {
          "start": {
            "line": 15,
            "column": 37
          },
          "end": {
            "line": 15,
            "column": 56
          }
        },
        "line": 15
      },
      "2": {
        "name": "(anonymous_2)",
        "decl": {
          "start": {
            "line": 17,
            "column": 4
          },
          "end": {
            "line": 17,
            "column": 5
          }
        },
        "loc": {
          "start": {
            "line": 17,
            "column": 26
          },
          "end": {
            "line": 22,
            "column": 5
          }
        },
        "line": 17
      },
      "3": {
        "name": "(anonymous_3)",
        "decl": {
          "start": {
            "line": 25,
            "column": 24
          },
          "end": {
            "line": 25,
            "column": 25
          }
        },
        "loc": {
          "start": {
            "line": 25,
            "column": 66
          },
          "end": {
            "line": 30,
            "column": 3
          }
        },
        "line": 25
      },
      "4": {
        "name": "(anonymous_4)",
        "decl": {
          "start": {
            "line": 35,
            "column": 4
          },
          "end": {
            "line": 35,
            "column": 5
          }
        },
        "loc": {
          "start": {
            "line": 35,
            "column": 11
          },
          "end": {
            "line": 42,
            "column": 5
          }
        },
        "line": 35
      },
      "5": {
        "name": "(anonymous_5)",
        "decl": {
          "start": {
            "line": 45,
            "column": 12
          },
          "end": {
            "line": 45,
            "column": 13
          }
        },
        "loc": {
          "start": {
            "line": 45,
            "column": 18
          },
          "end": {
            "line": 47,
            "column": 3
          }
        },
        "line": 45
      },
      "6": {
        "name": "(anonymous_6)",
        "decl": {
          "start": {
            "line": 51,
            "column": 29
          },
          "end": {
            "line": 51,
            "column": 30
          }
        },
        "loc": {
          "start": {
            "line": 52,
            "column": 8
          },
          "end": {
            "line": 72,
            "column": 20
          }
        },
        "line": 52
      },
      "7": {
        "name": "(anonymous_7)",
        "decl": {
          "start": {
            "line": 54,
            "column": 19
          },
          "end": {
            "line": 54,
            "column": 20
          }
        },
        "loc": {
          "start": {
            "line": 54,
            "column": 25
          },
          "end": {
            "line": 54,
            "column": 71
          }
        },
        "line": 54
      }
    },
    "branchMap": {
      "0": {
        "loc": {
          "start": {
            "line": 68,
            "column": 13
          },
          "end": {
            "line": 70,
            "column": 13
          }
        },
        "type": "binary-expr",
        "locations": [
          {
            "start": {
              "line": 68,
              "column": 13
            },
            "end": {
              "line": 68,
              "column": 55
            }
          },
          {
            "start": {
              "line": 69,
              "column": 14
            },
            "end": {
              "line": 69,
              "column": 67
            }
          }
        ],
        "line": 68
      }
    },
    "s": {
      "0": 3,
      "1": 0,
      "2": 0,
      "3": 0,
      "4": 0,
      "5": 0,
      "6": 0,
      "7": 0,
      "8": 0,
      "9": 0,
      "10": 0,
      "11": 0,
      "12": 0,
      "13": 0,
      "14": 0
    },
    "f": {
      "0": 0,
      "1": 0,
      "2": 0,
      "3": 0,
      "4": 0,
      "5": 0,
      "6": 0,
      "7": 0
    },
    "b": {
      "0": [
        0,
        0
      ]
    },
    "_coverageSchema": "43e27e138ebf9cfc5966b082cf9a028302ed4184",
    "hash": "76e3d46dfb8d41aca9ecfa32736b48f4d9a11c45"
  },
  "/Users/pascal/Code/geofind-3/geofind/src/components/user/UserSettings.tsx": {
    "path": "/Users/pascal/Code/geofind-3/geofind/src/components/user/UserSettings.tsx",
    "statementMap": {
      "0": {
        "start": {
          "line": 10,
          "column": 28
        },
        "end": {
          "line": 116,
          "column": 1
        }
      },
      "1": {
        "start": {
          "line": 11,
          "column": 12
        },
        "end": {
          "line": 11,
          "column": 39
        }
      },
      "2": {
        "start": {
          "line": 13,
          "column": 19
        },
        "end": {
          "line": 13,
          "column": 57
        }
      },
      "3": {
        "start": {
          "line": 13,
          "column": 37
        },
        "end": {
          "line": 13,
          "column": 56
        }
      },
      "4": {
        "start": {
          "line": 14,
          "column": 23
        },
        "end": {
          "line": 14,
          "column": 52
        }
      },
      "5": {
        "start": {
          "line": 15,
          "column": 24
        },
        "end": {
          "line": 22,
          "column": 4
        }
      },
      "6": {
        "start": {
          "line": 17,
          "column": 6
        },
        "end": {
          "line": 20,
          "column": 16
        }
      },
      "7": {
        "start": {
          "line": 29,
          "column": 8
        },
        "end": {
          "line": 63,
          "column": 3
        }
      },
      "8": {
        "start": {
          "line": 30,
          "column": 10
        },
        "end": {
          "line": 61,
          "column": 5
        }
      },
      "9": {
        "start": {
          "line": 65,
          "column": 2
        },
        "end": {
          "line": 69,
          "column": 26
        }
      },
      "10": {
        "start": {
          "line": 66,
          "column": 4
        },
        "end": {
          "line": 68,
          "column": 7
        }
      },
      "11": {
        "start": {
          "line": 71,
          "column": 24
        },
        "end": {
          "line": 76,
          "column": 3
        }
      },
      "12": {
        "start": {
          "line": 72,
          "column": 4
        },
        "end": {
          "line": 75,
          "column": 7
        }
      },
      "13": {
        "start": {
          "line": 78,
          "column": 20
        },
        "end": {
          "line": 78,
          "column": 34
        }
      },
      "14": {
        "start": {
          "line": 79,
          "column": 28
        },
        "end": {
          "line": 88,
          "column": 3
        }
      },
      "15": {
        "start": {
          "line": 81,
          "column": 11
        },
        "end": {
          "line": 87,
          "column": 5
        }
      },
      "16": {
        "start": {
          "line": 90,
          "column": 2
        },
        "end": {
          "line": 92,
          "column": 20
        }
      },
      "17": {
        "start": {
          "line": 91,
          "column": 4
        },
        "end": {
          "line": 91,
          "column": 22
        }
      },
      "18": {
        "start": {
          "line": 94,
          "column": 2
        },
        "end": {
          "line": 115,
          "column": 4
        }
      },
      "19": {
        "start": {
          "line": 102,
          "column": 8
        },
        "end": {
          "line": 112,
          "column": 23
        }
      },
      "20": {
        "start": {
          "line": 110,
          "column": 29
        },
        "end": {
          "line": 110,
          "column": 79
        }
      }
    },
    "fnMap": {
      "0": {
        "name": "(anonymous_0)",
        "decl": {
          "start": {
            "line": 10,
            "column": 28
          },
          "end": {
            "line": 10,
            "column": 29
          }
        },
        "loc": {
          "start": {
            "line": 10,
            "column": 34
          },
          "end": {
            "line": 116,
            "column": 1
          }
        },
        "line": 10
      },
      "1": {
        "name": "(anonymous_1)",
        "decl": {
          "start": {
            "line": 13,
            "column": 31
          },
          "end": {
            "line": 13,
            "column": 32
          }
        },
        "loc": {
          "start": {
            "line": 13,
            "column": 37
          },
          "end": {
            "line": 13,
            "column": 56
          }
        },
        "line": 13
      },
      "2": {
        "name": "(anonymous_2)",
        "decl": {
          "start": {
            "line": 16,
            "column": 4
          },
          "end": {
            "line": 16,
            "column": 5
          }
        },
        "loc": {
          "start": {
            "line": 16,
            "column": 26
          },
          "end": {
            "line": 21,
            "column": 5
          }
        },
        "line": 16
      },
      "3": {
        "name": "(anonymous_3)",
        "decl": {
          "start": {
            "line": 30,
            "column": 4
          },
          "end": {
            "line": 30,
            "column": 5
          }
        },
        "loc": {
          "start": {
            "line": 30,
            "column": 10
          },
          "end": {
            "line": 61,
            "column": 5
          }
        },
        "line": 30
      },
      "4": {
        "name": "(anonymous_4)",
        "decl": {
          "start": {
            "line": 65,
            "column": 12
          },
          "end": {
            "line": 65,
            "column": 13
          }
        },
        "loc": {
          "start": {
            "line": 65,
            "column": 18
          },
          "end": {
            "line": 69,
            "column": 3
          }
        },
        "line": 65
      },
      "5": {
        "name": "(anonymous_5)",
        "decl": {
          "start": {
            "line": 71,
            "column": 24
          },
          "end": {
            "line": 71,
            "column": 25
          }
        },
        "loc": {
          "start": {
            "line": 71,
            "column": 66
          },
          "end": {
            "line": 76,
            "column": 3
          }
        },
        "line": 71
      },
      "6": {
        "name": "(anonymous_6)",
        "decl": {
          "start": {
            "line": 81,
            "column": 4
          },
          "end": {
            "line": 81,
            "column": 5
          }
        },
        "loc": {
          "start": {
            "line": 81,
            "column": 11
          },
          "end": {
            "line": 87,
            "column": 5
          }
        },
        "line": 81
      },
      "7": {
        "name": "(anonymous_7)",
        "decl": {
          "start": {
            "line": 90,
            "column": 12
          },
          "end": {
            "line": 90,
            "column": 13
          }
        },
        "loc": {
          "start": {
            "line": 90,
            "column": 18
          },
          "end": {
            "line": 92,
            "column": 3
          }
        },
        "line": 90
      },
      "8": {
        "name": "(anonymous_8)",
        "decl": {
          "start": {
            "line": 100,
            "column": 18
          },
          "end": {
            "line": 100,
            "column": 19
          }
        },
        "loc": {
          "start": {
            "line": 102,
            "column": 8
          },
          "end": {
            "line": 112,
            "column": 23
          }
        },
        "line": 102
      },
      "9": {
        "name": "(anonymous_9)",
        "decl": {
          "start": {
            "line": 110,
            "column": 22
          },
          "end": {
            "line": 110,
            "column": 23
          }
        },
        "loc": {
          "start": {
            "line": 110,
            "column": 29
          },
          "end": {
            "line": 110,
            "column": 79
          }
        },
        "line": 110
      }
    },
    "branchMap": {
      "0": {
        "loc": {
          "start": {
            "line": 80,
            "column": 4
          },
          "end": {
            "line": 80,
            "column": 41
          }
        },
        "type": "cond-expr",
        "locations": [
          {
            "start": {
              "line": 80,
              "column": 25
            },
            "end": {
              "line": 80,
              "column": 36
            }
          },
          {
            "start": {
              "line": 80,
              "column": 39
            },
            "end": {
              "line": 80,
              "column": 41
            }
          }
        ],
        "line": 80
      }
    },
    "s": {
      "0": 3,
      "1": 0,
      "2": 0,
      "3": 0,
      "4": 0,
      "5": 0,
      "6": 0,
      "7": 0,
      "8": 0,
      "9": 0,
      "10": 0,
      "11": 0,
      "12": 0,
      "13": 0,
      "14": 0,
      "15": 0,
      "16": 0,
      "17": 0,
      "18": 0,
      "19": 0,
      "20": 0
    },
    "f": {
      "0": 0,
      "1": 0,
      "2": 0,
      "3": 0,
      "4": 0,
      "5": 0,
      "6": 0,
      "7": 0,
      "8": 0,
      "9": 0
    },
    "b": {
      "0": [
        0,
        0
      ]
    },
    "_coverageSchema": "43e27e138ebf9cfc5966b082cf9a028302ed4184",
    "hash": "432c590316799f0960af5b7d019a9b8e34086c15"
  },
  "/Users/pascal/Code/geofind-3/geofind/src/pages/profile/settings.tsx": {
    "path": "/Users/pascal/Code/geofind-3/geofind/src/pages/profile/settings.tsx",
    "statementMap": {
      "0": {
        "start": {
          "line": 14,
          "column": 12
        },
        "end": {
          "line": 14,
          "column": 39
        }
      },
      "1": {
        "start": {
          "line": 16,
          "column": 2
        },
        "end": {
          "line": 57,
          "column": 4
        }
      },
      "2": {
        "start": {
          "line": 60,
          "column": 19
        },
        "end": {
          "line": 60,
          "column": 49
        }
      },
      "3": {
        "start": {
          "line": 61,
          "column": 34
        },
        "end": {
          "line": 75,
          "column": 1
        }
      },
      "4": {
        "start": {
          "line": 66,
          "column": 2
        },
        "end": {
          "line": 74,
          "column": 4
        }
      }
    },
    "fnMap": {
      "0": {
        "name": "ProfileSettingsPage",
        "decl": {
          "start": {
            "line": 13,
            "column": 24
          },
          "end": {
            "line": 13,
            "column": 43
          }
        },
        "loc": {
          "start": {
            "line": 13,
            "column": 46
          },
          "end": {
            "line": 58,
            "column": 1
          }
        },
        "line": 13
      },
      "1": {
        "name": "(anonymous_1)",
        "decl": {
          "start": {
            "line": 61,
            "column": 34
          },
          "end": {
            "line": 61,
            "column": 35
          }
        },
        "loc": {
          "start": {
            "line": 65,
            "column": 6
          },
          "end": {
            "line": 75,
            "column": 1
          }
        },
        "line": 65
      }
    },
    "branchMap": {
      "0": {
        "loc": {
          "start": {
            "line": 69,
            "column": 49
          },
          "end": {
            "line": 69,
            "column": 63
          }
        },
        "type": "binary-expr",
        "locations": [
          {
            "start": {
              "line": 69,
              "column": 49
            },
            "end": {
              "line": 69,
              "column": 55
            }
          },
          {
            "start": {
              "line": 69,
              "column": 59
            },
            "end": {
              "line": 69,
              "column": 63
            }
          }
        ],
        "line": 69
      }
    },
    "s": {
      "0": 0,
      "1": 0,
      "2": 3,
      "3": 3,
      "4": 3
    },
    "f": {
      "0": 0,
      "1": 3
    },
    "b": {
      "0": [
        3,
        0
      ]
    },
    "_coverageSchema": "43e27e138ebf9cfc5966b082cf9a028302ed4184",
    "hash": "8aadbb07d07942c95d951d408ff195fe5d8e461f"
  },
  "/Users/pascal/Code/geofind-3/geofind/src/pages/api/__coverage__.ts": {
    "path": "/Users/pascal/Code/geofind-3/geofind/src/pages/api/__coverage__.ts",
    "statementMap": {},
    "fnMap": {},
    "branchMap": {},
    "s": {},
    "f": {},
    "b": {},
    "_coverageSchema": "43e27e138ebf9cfc5966b082cf9a028302ed4184",
    "hash": "718ace151c8dccf04117db0052016659a1147d84"
  }
}