{"/Users/pascalraszyk/Projects/laendergame/frontend/src/app/actions/game.ts": {"path":"/Users/pascalraszyk/Projects/laendergame/frontend/src/app/actions/game.ts","statementMap":{"0":{"start":{"line":9,"column":21},"end":{"line":15,"column":1}},"1":{"start":{"line":9,"column":68},"end":{"line":15,"column":1}},"2":{"start":{"line":10,"column":22},"end":{"line":10,"column":60}},"3":{"start":{"line":11,"column":4},"end":{"line":11,"column":47}},"4":{"start":{"line":12,"column":4},"end":{"line":12,"column":24}},"5":{"start":{"line":13,"column":4},"end":{"line":13,"column":65}},"6":{"start":{"line":14,"column":4},"end":{"line":14,"column":60}},"7":{"start":{"line":17,"column":20},"end":{"line":33,"column":1}},"8":{"start":{"line":18,"column":4},"end":{"line":32,"column":6}},"9":{"start":{"line":19,"column":8},"end":{"line":31,"column":9}},"10":{"start":{"line":20,"column":25},"end":{"line":20,"column":59}},"11":{"start":{"line":22,"column":12},"end":{"line":22,"column":55}},"12":{"start":{"line":23,"column":12},"end":{"line":23,"column":32}},"13":{"start":{"line":24,"column":12},"end":{"line":24,"column":37}},"14":{"start":{"line":26,"column":12},"end":{"line":26,"column":73}},"15":{"start":{"line":28,"column":12},"end":{"line":30,"column":13}},"16":{"start":{"line":29,"column":16},"end":{"line":29,"column":40}},"17":{"start":{"line":35,"column":21},"end":{"line":39,"column":1}},"18":{"start":{"line":35,"column":27},"end":{"line":39,"column":1}},"19":{"start":{"line":36,"column":4},"end":{"line":36,"column":18}},"20":{"start":{"line":37,"column":4},"end":{"line":37,"column":33}},"21":{"start":{"line":38,"column":4},"end":{"line":38,"column":28}},"22":{"start":{"line":41,"column":25},"end":{"line":45,"column":1}},"23":{"start":{"line":42,"column":4},"end":{"line":44,"column":7}},"24":{"start":{"line":43,"column":8},"end":{"line":43,"column":57}},"25":{"start":{"line":47,"column":27},"end":{"line":49,"column":1}},"26":{"start":{"line":48,"column":4},"end":{"line":48,"column":44}}},"fnMap":{"0":{"name":"(anonymous_0)","decl":{"start":{"line":9,"column":21},"end":{"line":9,"column":22}},"loc":{"start":{"line":9,"column":68},"end":{"line":15,"column":1}},"line":9},"1":{"name":"(anonymous_1)","decl":{"start":{"line":9,"column":68},"end":{"line":9,"column":69}},"loc":{"start":{"line":9,"column":88},"end":{"line":15,"column":1}},"line":9},"2":{"name":"(anonymous_2)","decl":{"start":{"line":17,"column":20},"end":{"line":17,"column":21}},"loc":{"start":{"line":17,"column":50},"end":{"line":33,"column":1}},"line":17},"3":{"name":"(anonymous_3)","decl":{"start":{"line":18,"column":11},"end":{"line":18,"column":12}},"loc":{"start":{"line":18,"column":31},"end":{"line":32,"column":5}},"line":18},"4":{"name":"(anonymous_4)","decl":{"start":{"line":35,"column":21},"end":{"line":35,"column":22}},"loc":{"start":{"line":35,"column":27},"end":{"line":39,"column":1}},"line":35},"5":{"name":"(anonymous_5)","decl":{"start":{"line":35,"column":27},"end":{"line":35,"column":28}},"loc":{"start":{"line":35,"column":41},"end":{"line":39,"column":1}},"line":35},"6":{"name":"(anonymous_6)","decl":{"start":{"line":41,"column":25},"end":{"line":41,"column":26}},"loc":{"start":{"line":41,"column":39},"end":{"line":45,"column":1}},"line":41},"7":{"name":"(anonymous_7)","decl":{"start":{"line":42,"column":37},"end":{"line":42,"column":38}},"loc":{"start":{"line":42,"column":50},"end":{"line":44,"column":5}},"line":42},"8":{"name":"(anonymous_8)","decl":{"start":{"line":47,"column":27},"end":{"line":47,"column":28}},"loc":{"start":{"line":47,"column":33},"end":{"line":49,"column":1}},"line":47}},"branchMap":{"0":{"loc":{"start":{"line":9,"column":22},"end":{"line":9,"column":49}},"type":"default-arg","locations":[{"start":{"line":9,"column":33},"end":{"line":9,"column":49}}],"line":9},"1":{"loc":{"start":{"line":9,"column":51},"end":{"line":9,"column":63}},"type":"default-arg","locations":[{"start":{"line":9,"column":61},"end":{"line":9,"column":63}}],"line":9},"2":{"loc":{"start":{"line":17,"column":31},"end":{"line":17,"column":45}},"type":"default-arg","locations":[{"start":{"line":17,"column":44},"end":{"line":17,"column":45}}],"line":17},"3":{"loc":{"start":{"line":28,"column":12},"end":{"line":30,"column":13}},"type":"if","locations":[{"start":{"line":28,"column":12},"end":{"line":30,"column":13}},{"start":{"line":28,"column":12},"end":{"line":30,"column":13}}],"line":28},"4":{"loc":{"start":{"line":28,"column":16},"end":{"line":28,"column":78}},"type":"binary-expr","locations":[{"start":{"line":28,"column":16},"end":{"line":28,"column":43}},{"start":{"line":28,"column":47},"end":{"line":28,"column":78}}],"line":28}},"s":{"0":1,"1":0,"2":0,"3":0,"4":0,"5":0,"6":0,"7":1,"8":0,"9":0,"10":0,"11":0,"12":0,"13":0,"14":0,"15":0,"16":0,"17":1,"18":0,"19":0,"20":0,"21":0,"22":1,"23":0,"24":0,"25":1,"26":0},"f":{"0":0,"1":0,"2":0,"3":0,"4":0,"5":0,"6":0,"7":0,"8":0},"b":{"0":[0],"1":[0],"2":[0],"3":[0,0],"4":[0,0]},"_coverageSchema":"43e27e138ebf9cfc5966b082cf9a028302ed4184","hash":"61bc7acbd2e5685a1ae89c14346cbb6cde01b6af"}
,"/Users/pascalraszyk/Projects/laendergame/frontend/src/app/actions/rooms.ts": {"path":"/Users/pascalraszyk/Projects/laendergame/frontend/src/app/actions/rooms.ts","statementMap":{"0":{"start":{"line":10,"column":22},"end":{"line":15,"column":1}},"1":{"start":{"line":10,"column":28},"end":{"line":15,"column":1}},"2":{"start":{"line":11,"column":17},"end":{"line":11,"column":45}},"3":{"start":{"line":12,"column":4},"end":{"line":12,"column":48}},"4":{"start":{"line":13,"column":4},"end":{"line":13,"column":24}},"5":{"start":{"line":14,"column":4},"end":{"line":14,"column":44}},"6":{"start":{"line":17,"column":23},"end":{"line":22,"column":1}},"7":{"start":{"line":18,"column":20},"end":{"line":18,"column":53}},"8":{"start":{"line":19,"column":4},"end":{"line":21,"column":5}},"9":{"start":{"line":20,"column":8},"end":{"line":20,"column":75}},"10":{"start":{"line":24,"column":22},"end":{"line":26,"column":1}},"11":{"start":{"line":25,"column":4},"end":{"line":25,"column":60}},"12":{"start":{"line":28,"column":25},"end":{"line":32,"column":1}},"13":{"start":{"line":29,"column":4},"end":{"line":31,"column":7}},"14":{"start":{"line":30,"column":8},"end":{"line":30,"column":57}},"15":{"start":{"line":34,"column":27},"end":{"line":36,"column":1}},"16":{"start":{"line":35,"column":4},"end":{"line":35,"column":44}},"17":{"start":{"line":38,"column":20},"end":{"line":54,"column":1}},"18":{"start":{"line":39,"column":4},"end":{"line":53,"column":6}},"19":{"start":{"line":40,"column":8},"end":{"line":52,"column":9}},"20":{"start":{"line":41,"column":25},"end":{"line":41,"column":78}},"21":{"start":{"line":43,"column":12},"end":{"line":43,"column":56}},"22":{"start":{"line":44,"column":12},"end":{"line":44,"column":32}},"23":{"start":{"line":46,"column":12},"end":{"line":46,"column":52}},"24":{"start":{"line":49,"column":12},"end":{"line":51,"column":13}},"25":{"start":{"line":50,"column":16},"end":{"line":50,"column":41}},"26":{"start":{"line":56,"column":21},"end":{"line":60,"column":1}},"27":{"start":{"line":56,"column":27},"end":{"line":60,"column":1}},"28":{"start":{"line":57,"column":4},"end":{"line":57,"column":18}},"29":{"start":{"line":58,"column":4},"end":{"line":58,"column":34}},"30":{"start":{"line":59,"column":4},"end":{"line":59,"column":28}}},"fnMap":{"0":{"name":"(anonymous_0)","decl":{"start":{"line":10,"column":22},"end":{"line":10,"column":23}},"loc":{"start":{"line":10,"column":28},"end":{"line":15,"column":1}},"line":10},"1":{"name":"(anonymous_1)","decl":{"start":{"line":10,"column":28},"end":{"line":10,"column":29}},"loc":{"start":{"line":10,"column":48},"end":{"line":15,"column":1}},"line":10},"2":{"name":"(anonymous_2)","decl":{"start":{"line":17,"column":23},"end":{"line":17,"column":24}},"loc":{"start":{"line":17,"column":29},"end":{"line":22,"column":1}},"line":17},"3":{"name":"(anonymous_3)","decl":{"start":{"line":24,"column":22},"end":{"line":24,"column":23}},"loc":{"start":{"line":24,"column":35},"end":{"line":26,"column":1}},"line":24},"4":{"name":"(anonymous_4)","decl":{"start":{"line":28,"column":25},"end":{"line":28,"column":26}},"loc":{"start":{"line":28,"column":39},"end":{"line":32,"column":1}},"line":28},"5":{"name":"(anonymous_5)","decl":{"start":{"line":29,"column":37},"end":{"line":29,"column":38}},"loc":{"start":{"line":29,"column":50},"end":{"line":31,"column":5}},"line":29},"6":{"name":"(anonymous_6)","decl":{"start":{"line":34,"column":27},"end":{"line":34,"column":28}},"loc":{"start":{"line":34,"column":33},"end":{"line":36,"column":1}},"line":34},"7":{"name":"(anonymous_7)","decl":{"start":{"line":38,"column":20},"end":{"line":38,"column":21}},"loc":{"start":{"line":38,"column":34},"end":{"line":54,"column":1}},"line":38},"8":{"name":"(anonymous_8)","decl":{"start":{"line":39,"column":11},"end":{"line":39,"column":12}},"loc":{"start":{"line":39,"column":31},"end":{"line":53,"column":5}},"line":39},"9":{"name":"(anonymous_9)","decl":{"start":{"line":56,"column":21},"end":{"line":56,"column":22}},"loc":{"start":{"line":56,"column":27},"end":{"line":60,"column":1}},"line":56},"10":{"name":"(anonymous_10)","decl":{"start":{"line":56,"column":27},"end":{"line":56,"column":28}},"loc":{"start":{"line":56,"column":41},"end":{"line":60,"column":1}},"line":56}},"branchMap":{"0":{"loc":{"start":{"line":19,"column":4},"end":{"line":21,"column":5}},"type":"if","locations":[{"start":{"line":19,"column":4},"end":{"line":21,"column":5}},{"start":{"line":19,"column":4},"end":{"line":21,"column":5}}],"line":19},"1":{"loc":{"start":{"line":41,"column":47},"end":{"line":41,"column":77}},"type":"binary-expr","locations":[{"start":{"line":41,"column":47},"end":{"line":41,"column":62}},{"start":{"line":41,"column":66},"end":{"line":41,"column":77}}],"line":41},"2":{"loc":{"start":{"line":49,"column":12},"end":{"line":51,"column":13}},"type":"if","locations":[{"start":{"line":49,"column":12},"end":{"line":51,"column":13}},{"start":{"line":49,"column":12},"end":{"line":51,"column":13}}],"line":49},"3":{"loc":{"start":{"line":49,"column":16},"end":{"line":49,"column":78}},"type":"binary-expr","locations":[{"start":{"line":49,"column":16},"end":{"line":49,"column":43}},{"start":{"line":49,"column":47},"end":{"line":49,"column":78}}],"line":49}},"s":{"0":1,"1":0,"2":0,"3":0,"4":0,"5":0,"6":1,"7":0,"8":0,"9":0,"10":1,"11":0,"12":1,"13":0,"14":0,"15":1,"16":0,"17":1,"18":0,"19":0,"20":0,"21":0,"22":0,"23":0,"24":0,"25":0,"26":1,"27":0,"28":0,"29":0,"30":0},"f":{"0":0,"1":0,"2":0,"3":0,"4":0,"5":0,"6":0,"7":0,"8":0,"9":0,"10":0},"b":{"0":[0,0],"1":[0,0],"2":[0,0],"3":[0,0]},"_coverageSchema":"43e27e138ebf9cfc5966b082cf9a028302ed4184","hash":"2300b60819ba4106a6a400787ef959e8c60ed55d"}
,"/Users/pascalraszyk/Projects/laendergame/frontend/src/app/actions/types.ts": {"path":"/Users/pascalraszyk/Projects/laendergame/frontend/src/app/actions/types.ts","statementMap":{"0":{"start":{"line":1,"column":28},"end":{"line":1,"column":42}},"1":{"start":{"line":2,"column":26},"end":{"line":2,"column":38}},"2":{"start":{"line":3,"column":27},"end":{"line":3,"column":40}},"3":{"start":{"line":4,"column":26},"end":{"line":4,"column":38}},"4":{"start":{"line":5,"column":24},"end":{"line":5,"column":34}},"5":{"start":{"line":6,"column":27},"end":{"line":6,"column":40}},"6":{"start":{"line":7,"column":25},"end":{"line":7,"column":36}},"7":{"start":{"line":8,"column":33},"end":{"line":8,"column":52}},"8":{"start":{"line":9,"column":30},"end":{"line":9,"column":46}},"9":{"start":{"line":10,"column":25},"end":{"line":10,"column":36}},"10":{"start":{"line":11,"column":27},"end":{"line":11,"column":40}},"11":{"start":{"line":12,"column":28},"end":{"line":12,"column":42}},"12":{"start":{"line":13,"column":30},"end":{"line":13,"column":46}},"13":{"start":{"line":14,"column":25},"end":{"line":14,"column":36}},"14":{"start":{"line":15,"column":26},"end":{"line":15,"column":38}}},"fnMap":{},"branchMap":{},"s":{"0":1,"1":1,"2":1,"3":1,"4":1,"5":1,"6":1,"7":1,"8":1,"9":1,"10":1,"11":1,"12":1,"13":1,"14":1},"f":{},"b":{},"_coverageSchema":"43e27e138ebf9cfc5966b082cf9a028302ed4184","hash":"d8022dfe775386c5264a04465a47988b22a0e14f"}
,"/Users/pascalraszyk/Projects/laendergame/frontend/src/app/components/emptyState/index.tsx": {"path":"/Users/pascalraszyk/Projects/laendergame/frontend/src/app/components/emptyState/index.tsx","statementMap":{"0":{"start":{"line":13,"column":26},"end":{"line":23,"column":1}},"1":{"start":{"line":24,"column":24},"end":{"line":31,"column":1}},"2":{"start":{"line":32,"column":30},"end":{"line":37,"column":1}},"3":{"start":{"line":38,"column":25},"end":{"line":38,"column":37}},"4":{"start":{"line":41,"column":4},"end":{"line":53,"column":6}}},"fnMap":{"0":{"name":"(anonymous_0)","decl":{"start":{"line":40,"column":15},"end":{"line":40,"column":16}},"loc":{"start":{"line":40,"column":76},"end":{"line":54,"column":1}},"line":40}},"branchMap":{},"s":{"0":1,"1":1,"2":1,"3":1,"4":0},"f":{"0":0},"b":{},"_coverageSchema":"43e27e138ebf9cfc5966b082cf9a028302ed4184","hash":"d328d6701401010cf0d7b03ab64887be13ff3bf0"}
,"/Users/pascalraszyk/Projects/laendergame/frontend/src/app/components/lobbyListing/index.tsx": {"path":"/Users/pascalraszyk/Projects/laendergame/frontend/src/app/components/lobbyListing/index.tsx","statementMap":{"0":{"start":{"line":11,"column":21},"end":{"line":61,"column":1}},"1":{"start":{"line":12,"column":29},"end":{"line":20,"column":5}},"2":{"start":{"line":13,"column":26},"end":{"line":13,"column":59}},"3":{"start":{"line":14,"column":8},"end":{"line":19,"column":10}},"4":{"start":{"line":22,"column":27},"end":{"line":29,"column":5}},"5":{"start":{"line":23,"column":8},"end":{"line":28,"column":10}},"6":{"start":{"line":31,"column":21},"end":{"line":42,"column":6}},"7":{"start":{"line":32,"column":32},"end":{"line":34,"column":9}},"8":{"start":{"line":33,"column":12},"end":{"line":33,"column":27}},"9":{"start":{"line":36,"column":8},"end":{"line":41,"column":10}},"10":{"start":{"line":44,"column":24},"end":{"line":54,"column":5}},"11":{"start":{"line":45,"column":8},"end":{"line":53,"column":10}},"12":{"start":{"line":56,"column":4},"end":{"line":60,"column":6}},"13":{"start":{"line":64,"column":4},"end":{"line":64,"column":36}}},"fnMap":{"0":{"name":"(anonymous_0)","decl":{"start":{"line":11,"column":21},"end":{"line":11,"column":22}},"loc":{"start":{"line":11,"column":56},"end":{"line":61,"column":1}},"line":11},"1":{"name":"(anonymous_1)","decl":{"start":{"line":12,"column":29},"end":{"line":12,"column":30}},"loc":{"start":{"line":12,"column":41},"end":{"line":20,"column":5}},"line":12},"2":{"name":"(anonymous_2)","decl":{"start":{"line":22,"column":27},"end":{"line":22,"column":28}},"loc":{"start":{"line":22,"column":56},"end":{"line":29,"column":5}},"line":22},"3":{"name":"(anonymous_3)","decl":{"start":{"line":31,"column":31},"end":{"line":31,"column":32}},"loc":{"start":{"line":31,"column":41},"end":{"line":42,"column":5}},"line":31},"4":{"name":"(anonymous_4)","decl":{"start":{"line":32,"column":32},"end":{"line":32,"column":33}},"loc":{"start":{"line":32,"column":38},"end":{"line":34,"column":9}},"line":32},"5":{"name":"(anonymous_5)","decl":{"start":{"line":44,"column":24},"end":{"line":44,"column":25}},"loc":{"start":{"line":44,"column":30},"end":{"line":54,"column":5}},"line":44},"6":{"name":"mapStateToProps","decl":{"start":{"line":63,"column":9},"end":{"line":63,"column":24}},"loc":{"start":{"line":63,"column":32},"end":{"line":65,"column":1}},"line":63}},"branchMap":{"0":{"loc":{"start":{"line":13,"column":26},"end":{"line":13,"column":59}},"type":"cond-expr","locations":[{"start":{"line":13,"column":42},"end":{"line":13,"column":48}},{"start":{"line":13,"column":51},"end":{"line":13,"column":59}}],"line":13},"1":{"loc":{"start":{"line":17,"column":28},"end":{"line":17,"column":75}},"type":"cond-expr","locations":[{"start":{"line":17,"column":52},"end":{"line":17,"column":61}},{"start":{"line":17,"column":64},"end":{"line":17,"column":75}}],"line":17},"2":{"loc":{"start":{"line":58,"column":13},"end":{"line":58,"column":56}},"type":"cond-expr","locations":[{"start":{"line":58,"column":28},"end":{"line":58,"column":39}},{"start":{"line":58,"column":42},"end":{"line":58,"column":56}}],"line":58}},"s":{"0":1,"1":0,"2":0,"3":0,"4":0,"5":0,"6":0,"7":0,"8":0,"9":0,"10":0,"11":0,"12":0,"13":0},"f":{"0":0,"1":0,"2":0,"3":0,"4":0,"5":0,"6":0},"b":{"0":[0,0],"1":[0,0],"2":[0,0]},"_coverageSchema":"43e27e138ebf9cfc5966b082cf9a028302ed4184","hash":"0b626b7a0f268b8c336068eed0ea286aa1be1ec1"}
,"/Users/pascalraszyk/Projects/laendergame/frontend/src/app/components/lobbyListing/widgets.tsx": {"path":"/Users/pascalraszyk/Projects/laendergame/frontend/src/app/components/lobbyListing/widgets.tsx","statementMap":{"0":{"start":{"line":4,"column":24},"end":{"line":22,"column":1}},"1":{"start":{"line":24,"column":25},"end":{"line":30,"column":1}},"2":{"start":{"line":32,"column":25},"end":{"line":32,"column":37}},"3":{"start":{"line":34,"column":31},"end":{"line":39,"column":1}}},"fnMap":{},"branchMap":{},"s":{"0":1,"1":1,"2":1,"3":1},"f":{},"b":{},"_coverageSchema":"43e27e138ebf9cfc5966b082cf9a028302ed4184","hash":"04a40d43de1b792fc2f3b1e6a6c6fdcb0b89c5aa"}
,"/Users/pascalraszyk/Projects/laendergame/frontend/src/app/components/uiWidgets/Badge.tsx": {"path":"/Users/pascalraszyk/Projects/laendergame/frontend/src/app/components/uiWidgets/Badge.tsx","statementMap":{"0":{"start":{"line":4,"column":21},"end":{"line":14,"column":1}}},"fnMap":{},"branchMap":{},"s":{"0":1},"f":{},"b":{},"_coverageSchema":"43e27e138ebf9cfc5966b082cf9a028302ed4184","hash":"cba2f1289dfc0d21f683cdb0cc6c646606f11509"}
,"/Users/pascalraszyk/Projects/laendergame/frontend/src/app/components/uiWidgets/Button.tsx": {"path":"/Users/pascalraszyk/Projects/laendergame/frontend/src/app/components/uiWidgets/Button.tsx","statementMap":{"0":{"start":{"line":4,"column":22},"end":{"line":59,"column":1}}},"fnMap":{},"branchMap":{},"s":{"0":1},"f":{},"b":{},"_coverageSchema":"43e27e138ebf9cfc5966b082cf9a028302ed4184","hash":"c300258776767a93ba48ed1bb5b58e2658e497dd"}
,"/Users/pascalraszyk/Projects/laendergame/frontend/src/app/helper/errors.ts": {"path":"/Users/pascalraszyk/Projects/laendergame/frontend/src/app/helper/errors.ts","statementMap":{"0":{"start":{"line":1,"column":36},"end":{"line":1,"column":40}}},"fnMap":{},"branchMap":{},"s":{"0":1},"f":{},"b":{},"_coverageSchema":"43e27e138ebf9cfc5966b082cf9a028302ed4184","hash":"e1e12b971e8f89b96d9788fa538e23cb9ad8e614"}
,"/Users/pascalraszyk/Projects/laendergame/frontend/src/app/helper/sharedHistory.ts": {"path":"/Users/pascalraszyk/Projects/laendergame/frontend/src/app/helper/sharedHistory.ts","statementMap":{"0":{"start":{"line":2,"column":29},"end":{"line":2,"column":51}}},"fnMap":{},"branchMap":{},"s":{"0":1},"f":{},"b":{},"_coverageSchema":"43e27e138ebf9cfc5966b082cf9a028302ed4184","hash":"f2d1e2b192c9b6f98f88655f201cef7acf2090e1"}
,"/Users/pascalraszyk/Projects/laendergame/frontend/src/app/helper/webSockets.ts": {"path":"/Users/pascalraszyk/Projects/laendergame/frontend/src/app/helper/webSockets.ts","statementMap":{"0":{"start":{"line":7,"column":22},"end":{"line":7,"column":136}},"1":{"start":{"line":9,"column":0},"end":{"line":11,"column":1}},"2":{"start":{"line":10,"column":4},"end":{"line":10,"column":36}},"3":{"start":{"line":13,"column":29},"end":{"line":14,"column":1}},"4":{"start":{"line":16,"column":32},"end":{"line":23,"column":1}},"5":{"start":{"line":17,"column":4},"end":{"line":22,"column":5}},"6":{"start":{"line":18,"column":21},"end":{"line":18,"column":46}},"7":{"start":{"line":19,"column":8},"end":{"line":19,"column":62}},"8":{"start":{"line":21,"column":8},"end":{"line":21,"column":55}}},"fnMap":{"0":{"name":"(anonymous_0)","decl":{"start":{"line":13,"column":29},"end":{"line":13,"column":30}},"loc":{"start":{"line":13,"column":46},"end":{"line":14,"column":1}},"line":13},"1":{"name":"(anonymous_1)","decl":{"start":{"line":16,"column":32},"end":{"line":16,"column":33}},"loc":{"start":{"line":16,"column":49},"end":{"line":23,"column":1}},"line":16}},"branchMap":{"0":{"loc":{"start":{"line":7,"column":42},"end":{"line":7,"column":135}},"type":"cond-expr","locations":[{"start":{"line":7,"column":82},"end":{"line":7,"column":111}},{"start":{"line":7,"column":114},"end":{"line":7,"column":135}}],"line":7},"1":{"loc":{"start":{"line":9,"column":0},"end":{"line":11,"column":1}},"type":"if","locations":[{"start":{"line":9,"column":0},"end":{"line":11,"column":1}},{"start":{"line":9,"column":0},"end":{"line":11,"column":1}}],"line":9}},"s":{"0":1,"1":1,"2":1,"3":1,"4":1,"5":0,"6":0,"7":0,"8":0},"f":{"0":0,"1":0},"b":{"0":[0,1],"1":[1,0]},"_coverageSchema":"43e27e138ebf9cfc5966b082cf9a028302ed4184","hash":"9be4bd5f3b73090aa8a68d0f9309457d3c49c621"}
,"/Users/pascalraszyk/Projects/laendergame/frontend/src/app/i18n/index.ts": {"path":"/Users/pascalraszyk/Projects/laendergame/frontend/src/app/i18n/index.ts","statementMap":{"0":{"start":{"line":4,"column":17},"end":{"line":6,"column":35}},"1":{"start":{"line":7,"column":28},"end":{"line":7,"column":65}}},"fnMap":{},"branchMap":{"0":{"loc":{"start":{"line":4,"column":17},"end":{"line":6,"column":35}},"type":"binary-expr","locations":[{"start":{"line":4,"column":17},"end":{"line":4,"column":36}},{"start":{"line":4,"column":40},"end":{"line":4,"column":62}},{"start":{"line":5,"column":4},"end":{"line":5,"column":22}},{"start":{"line":6,"column":4},"end":{"line":6,"column":35}}],"line":4},"1":{"loc":{"start":{"line":7,"column":28},"end":{"line":7,"column":65}},"type":"cond-expr","locations":[{"start":{"line":7,"column":58},"end":{"line":7,"column":60}},{"start":{"line":7,"column":63},"end":{"line":7,"column":65}}],"line":7}},"s":{"0":1,"1":1},"f":{},"b":{"0":[1,1,0,0],"1":[0,1]},"_coverageSchema":"43e27e138ebf9cfc5966b082cf9a028302ed4184","hash":"f9e1f4f5ce1e8d8d7c495432483ea4fed539fc70"}
,"/Users/pascalraszyk/Projects/laendergame/frontend/src/app/pages/home/index.tsx": {"path":"/Users/pascalraszyk/Projects/laendergame/frontend/src/app/pages/home/index.tsx","statementMap":{"0":{"start":{"line":12,"column":23},"end":{"line":22,"column":1}},"1":{"start":{"line":23,"column":30},"end":{"line":65,"column":1}},"2":{"start":{"line":67,"column":21},"end":{"line":67,"column":25}},"3":{"start":{"line":69,"column":17},"end":{"line":113,"column":1}},"4":{"start":{"line":70,"column":30},"end":{"line":70,"column":42}},"5":{"start":{"line":72,"column":4},"end":{"line":81,"column":7}},"6":{"start":{"line":73,"column":30},"end":{"line":76,"column":24}},"7":{"start":{"line":74,"column":30},"end":{"line":74,"column":69}},"8":{"start":{"line":75,"column":12},"end":{"line":75,"column":32}},"9":{"start":{"line":78,"column":8},"end":{"line":80,"column":10}},"10":{"start":{"line":79,"column":12},"end":{"line":79,"column":41}},"11":{"start":{"line":83,"column":4},"end":{"line":91,"column":7}},"12":{"start":{"line":84,"column":8},"end":{"line":86,"column":9}},"13":{"start":{"line":85,"column":12},"end":{"line":85,"column":42}},"14":{"start":{"line":88,"column":8},"end":{"line":90,"column":9}},"15":{"start":{"line":89,"column":12},"end":{"line":89,"column":42}},"16":{"start":{"line":93,"column":4},"end":{"line":112,"column":6}},"17":{"start":{"line":116,"column":4},"end":{"line":116,"column":36}}},"fnMap":{"0":{"name":"(anonymous_0)","decl":{"start":{"line":69,"column":17},"end":{"line":69,"column":18}},"loc":{"start":{"line":69,"column":57},"end":{"line":113,"column":1}},"line":69},"1":{"name":"(anonymous_1)","decl":{"start":{"line":72,"column":14},"end":{"line":72,"column":15}},"loc":{"start":{"line":72,"column":20},"end":{"line":81,"column":5}},"line":72},"2":{"name":"(anonymous_2)","decl":{"start":{"line":73,"column":42},"end":{"line":73,"column":43}},"loc":{"start":{"line":73,"column":54},"end":{"line":76,"column":9}},"line":73},"3":{"name":"(anonymous_3)","decl":{"start":{"line":78,"column":15},"end":{"line":78,"column":16}},"loc":{"start":{"line":78,"column":21},"end":{"line":80,"column":9}},"line":78},"4":{"name":"(anonymous_4)","decl":{"start":{"line":83,"column":14},"end":{"line":83,"column":15}},"loc":{"start":{"line":83,"column":20},"end":{"line":91,"column":5}},"line":83},"5":{"name":"mapStateToProps","decl":{"start":{"line":115,"column":9},"end":{"line":115,"column":24}},"loc":{"start":{"line":115,"column":32},"end":{"line":117,"column":1}},"line":115}},"branchMap":{"0":{"loc":{"start":{"line":84,"column":8},"end":{"line":86,"column":9}},"type":"if","locations":[{"start":{"line":84,"column":8},"end":{"line":86,"column":9}},{"start":{"line":84,"column":8},"end":{"line":86,"column":9}}],"line":84},"1":{"loc":{"start":{"line":88,"column":8},"end":{"line":90,"column":9}},"type":"if","locations":[{"start":{"line":88,"column":8},"end":{"line":90,"column":9}},{"start":{"line":88,"column":8},"end":{"line":90,"column":9}}],"line":88},"2":{"loc":{"start":{"line":107,"column":13},"end":{"line":107,"column":92}},"type":"binary-expr","locations":[{"start":{"line":107,"column":13},"end":{"line":107,"column":29}},{"start":{"line":107,"column":33},"end":{"line":107,"column":92}}],"line":107}},"s":{"0":1,"1":1,"2":1,"3":1,"4":0,"5":0,"6":0,"7":0,"8":0,"9":0,"10":0,"11":0,"12":0,"13":0,"14":0,"15":0,"16":0,"17":0},"f":{"0":0,"1":0,"2":0,"3":0,"4":0,"5":0},"b":{"0":[0,0],"1":[0,0],"2":[0,0]},"_coverageSchema":"43e27e138ebf9cfc5966b082cf9a028302ed4184","hash":"cdc52f9f4dc79ab77e37e7b97d88a630063acb9b"}
}
