TN:
SF:/Users/pascalraszyk/Projects/laendergame/frontend/src/app/actions/game.ts
FN:9,(anonymous_0)
FN:9,(anonymous_1)
FN:17,(anonymous_2)
FN:18,(anonymous_3)
FN:35,(anonymous_4)
FN:35,(anonymous_5)
FN:41,(anonymous_6)
FN:42,(anonymous_7)
FN:47,(anonymous_8)
FNF:9
FNH:0
FNDA:0,(anonymous_0)
FNDA:0,(anonymous_1)
FNDA:0,(anonymous_2)
FNDA:0,(anonymous_3)
FNDA:0,(anonymous_4)
FNDA:0,(anonymous_5)
FNDA:0,(anonymous_6)
FNDA:0,(anonymous_7)
FNDA:0,(anonymous_8)
DA:9,1
DA:10,0
DA:11,0
DA:12,0
DA:13,0
DA:14,0
DA:17,1
DA:18,0
DA:19,0
DA:20,0
DA:22,0
DA:23,0
DA:24,0
DA:26,0
DA:28,0
DA:29,0
DA:35,1
DA:36,0
DA:37,0
DA:38,0
DA:41,1
DA:42,0
DA:43,0
DA:47,1
DA:48,0
LF:25
LH:5
BRDA:9,0,0,0
BRDA:9,1,0,0
BRDA:17,2,0,0
BRDA:28,3,0,0
BRDA:28,3,1,0
BRDA:28,4,0,0
BRDA:28,4,1,0
BRF:7
BRH:0
end_of_record
TN:
SF:/Users/pascalraszyk/Projects/laendergame/frontend/src/app/actions/rooms.ts
FN:10,(anonymous_0)
FN:10,(anonymous_1)
FN:17,(anonymous_2)
FN:24,(anonymous_3)
FN:28,(anonymous_4)
FN:29,(anonymous_5)
FN:34,(anonymous_6)
FN:38,(anonymous_7)
FN:39,(anonymous_8)
FN:56,(anonymous_9)
FN:56,(anonymous_10)
FNF:11
FNH:0
FNDA:0,(anonymous_0)
FNDA:0,(anonymous_1)
FNDA:0,(anonymous_2)
FNDA:0,(anonymous_3)
FNDA:0,(anonymous_4)
FNDA:0,(anonymous_5)
FNDA:0,(anonymous_6)
FNDA:0,(anonymous_7)
FNDA:0,(anonymous_8)
FNDA:0,(anonymous_9)
FNDA:0,(anonymous_10)
DA:10,1
DA:11,0
DA:12,0
DA:13,0
DA:14,0
DA:17,1
DA:18,0
DA:19,0
DA:20,0
DA:24,1
DA:25,0
DA:28,1
DA:29,0
DA:30,0
DA:34,1
DA:35,0
DA:38,1
DA:39,0
DA:40,0
DA:41,0
DA:43,0
DA:44,0
DA:46,0
DA:49,0
DA:50,0
DA:56,1
DA:57,0
DA:58,0
DA:59,0
LF:29
LH:7
BRDA:19,0,0,0
BRDA:19,0,1,0
BRDA:41,1,0,0
BRDA:41,1,1,0
BRDA:49,2,0,0
BRDA:49,2,1,0
BRDA:49,3,0,0
BRDA:49,3,1,0
BRF:8
BRH:0
end_of_record
TN:
SF:/Users/pascalraszyk/Projects/laendergame/frontend/src/app/actions/types.ts
FNF:0
FNH:0
DA:1,1
DA:2,1
DA:3,1
DA:4,1
DA:5,1
DA:6,1
DA:7,1
DA:8,1
DA:9,1
DA:10,1
DA:11,1
DA:12,1
DA:13,1
DA:14,1
DA:15,1
LF:15
LH:15
BRF:0
BRH:0
end_of_record
TN:
SF:/Users/pascalraszyk/Projects/laendergame/frontend/src/app/components/emptyState/index.tsx
FN:40,(anonymous_0)
FNF:1
FNH:0
FNDA:0,(anonymous_0)
DA:13,1
DA:24,1
DA:32,1
DA:38,1
DA:41,0
LF:5
LH:4
BRF:0
BRH:0
end_of_record
TN:
SF:/Users/pascalraszyk/Projects/laendergame/frontend/src/app/components/lobbyListing/index.tsx
FN:11,(anonymous_0)
FN:12,(anonymous_1)
FN:22,(anonymous_2)
FN:31,(anonymous_3)
FN:32,(anonymous_4)
FN:44,(anonymous_5)
FN:63,mapStateToProps
FNF:7
FNH:0
FNDA:0,(anonymous_0)
FNDA:0,(anonymous_1)
FNDA:0,(anonymous_2)
FNDA:0,(anonymous_3)
FNDA:0,(anonymous_4)
FNDA:0,(anonymous_5)
FNDA:0,mapStateToProps
DA:11,1
DA:12,0
DA:13,0
DA:14,0
DA:22,0
DA:23,0
DA:31,0
DA:32,0
DA:33,0
DA:36,0
DA:44,0
DA:45,0
DA:56,0
DA:64,0
LF:14
LH:1
BRDA:13,0,0,0
BRDA:13,0,1,0
BRDA:17,1,0,0
BRDA:17,1,1,0
BRDA:58,2,0,0
BRDA:58,2,1,0
BRF:6
BRH:0
end_of_record
TN:
SF:/Users/pascalraszyk/Projects/laendergame/frontend/src/app/components/lobbyListing/widgets.tsx
FNF:0
FNH:0
DA:4,1
DA:24,1
DA:32,1
DA:34,1
LF:4
LH:4
BRF:0
BRH:0
end_of_record
TN:
SF:/Users/pascalraszyk/Projects/laendergame/frontend/src/app/components/uiWidgets/Badge.tsx
FNF:0
FNH:0
DA:4,1
LF:1
LH:1
BRF:0
BRH:0
end_of_record
TN:
SF:/Users/pascalraszyk/Projects/laendergame/frontend/src/app/components/uiWidgets/Button.tsx
FNF:0
FNH:0
DA:4,1
LF:1
LH:1
BRF:0
BRH:0
end_of_record
TN:
SF:/Users/pascalraszyk/Projects/laendergame/frontend/src/app/helper/errors.ts
FNF:0
FNH:0
DA:1,1
LF:1
LH:1
BRF:0
BRH:0
end_of_record
TN:
SF:/Users/pascalraszyk/Projects/laendergame/frontend/src/app/helper/sharedHistory.ts
FNF:0
FNH:0
DA:2,1
LF:1
LH:1
BRF:0
BRH:0
end_of_record
TN:
SF:/Users/pascalraszyk/Projects/laendergame/frontend/src/app/helper/webSockets.ts
FN:13,(anonymous_0)
FN:16,(anonymous_1)
FNF:2
FNH:0
FNDA:0,(anonymous_0)
FNDA:0,(anonymous_1)
DA:7,1
DA:9,1
DA:10,1
DA:13,1
DA:16,1
DA:17,0
DA:18,0
DA:19,0
DA:21,0
LF:9
LH:5
BRDA:7,0,0,0
BRDA:7,0,1,1
BRDA:9,1,0,1
BRDA:9,1,1,0
BRF:4
BRH:2
end_of_record
TN:
SF:/Users/pascalraszyk/Projects/laendergame/frontend/src/app/i18n/index.ts
FNF:0
FNH:0
DA:4,1
DA:7,1
LF:2
LH:2
BRDA:4,0,0,1
BRDA:4,0,1,1
BRDA:4,0,2,0
BRDA:4,0,3,0
BRDA:7,1,0,0
BRDA:7,1,1,1
BRF:6
BRH:3
end_of_record
TN:
SF:/Users/pascalraszyk/Projects/laendergame/frontend/src/app/pages/home/index.tsx
FN:69,(anonymous_0)
FN:72,(anonymous_1)
FN:73,(anonymous_2)
FN:78,(anonymous_3)
FN:83,(anonymous_4)
FN:115,mapStateToProps
FNF:6
FNH:0
FNDA:0,(anonymous_0)
FNDA:0,(anonymous_1)
FNDA:0,(anonymous_2)
FNDA:0,(anonymous_3)
FNDA:0,(anonymous_4)
FNDA:0,mapStateToProps
DA:12,1
DA:23,1
DA:67,1
DA:69,1
DA:70,0
DA:72,0
DA:73,0
DA:74,0
DA:75,0
DA:78,0
DA:79,0
DA:83,0
DA:84,0
DA:85,0
DA:88,0
DA:89,0
DA:93,0
DA:116,0
LF:18
LH:4
BRDA:84,0,0,0
BRDA:84,0,1,0
BRDA:88,1,0,0
BRDA:88,1,1,0
BRDA:107,2,0,0
BRDA:107,2,1,0
BRF:6
BRH:0
end_of_record
